11/11/2021 10:26:38 PM Got BEARER TOKEN
11/11/2021 10:26:38 PM Headers are created
11/11/2021 10:26:38 PM Start_List: ['2016-2-01T00:00:00.000Z', '2016-3-01T00:00:00.000Z', '2016-4-01T00:00:00.000Z'] 
	End_List: ['2016-2-29T00:00:00.000Z', '2016-3-31T00:00:00.000Z', '2016-4-30T00:00:00.000Z']
11/11/2021 10:26:38 PM Next Token: None
11/11/2021 10:26:38 PM Search URL: https://api.twitter.com/2/tweets/search/all
11/11/2021 10:26:38 PM Query Params: {'query': 'wirecard lang:de', 'start_time': '2016-2-01T00:00:00.000Z', 'end_time': '2016-2-29T00:00:00.000Z', 'max_results': 50, 'expansions': 'author_id,in_reply_to_user_id,geo.place_id', 'tweet.fields': 'id,text,author_id,in_reply_to_user_id,geo,conversation_id,created_at,lang,public_metrics,referenced_tweets,reply_settings,source', 'user.fields': 'id,name,username,created_at,description,public_metrics,verified', 'next_token': {}}
11/11/2021 10:26:38 PM Starting new HTTPS connection (1): api.twitter.com:443
11/11/2021 10:26:39 PM https://api.twitter.com:443 "GET /2/tweets/search/all?query=wirecard+lang%3Ade&start_time=2016-2-01T00%3A00%3A00.000Z&end_time=2016-2-29T00%3A00%3A00.000Z&max_results=50&expansions=author_id%2Cin_reply_to_user_id%2Cgeo.place_id&tweet.fields=id%2Ctext%2Cauthor_id%2Cin_reply_to_user_id%2Cgeo%2Cconversation_id%2Ccreated_at%2Clang%2Cpublic_metrics%2Creferenced_tweets%2Creply_settings%2Csource&user.fields=id%2Cname%2Cusername%2Ccreated_at%2Cdescription%2Cpublic_metrics%2Cverified HTTP/1.1" 200 9086
11/11/2021 10:26:39 PM Next Token: 1jzu9lk96gu5npw2xnnh25ei41o7aqq6cdoz816s80al
11/11/2021 10:26:39 PM Start with : 2016-2-01T00:00:00.000Z
11/11/2021 10:26:39 PM Number of tweets: 50
11/11/2021 10:26:49 PM Max Count is reached
11/11/2021 10:26:49 PM Next Token: None
11/11/2021 10:26:49 PM Search URL: https://api.twitter.com/2/tweets/search/all
11/11/2021 10:26:49 PM Query Params: {'query': 'wirecard lang:de', 'start_time': '2016-3-01T00:00:00.000Z', 'end_time': '2016-3-31T00:00:00.000Z', 'max_results': 50, 'expansions': 'author_id,in_reply_to_user_id,geo.place_id', 'tweet.fields': 'id,text,author_id,in_reply_to_user_id,geo,conversation_id,created_at,lang,public_metrics,referenced_tweets,reply_settings,source', 'user.fields': 'id,name,username,created_at,description,public_metrics,verified', 'next_token': {}}
11/11/2021 10:26:49 PM Starting new HTTPS connection (1): api.twitter.com:443
11/11/2021 10:26:50 PM https://api.twitter.com:443 "GET /2/tweets/search/all?query=wirecard+lang%3Ade&start_time=2016-3-01T00%3A00%3A00.000Z&end_time=2016-3-31T00%3A00%3A00.000Z&max_results=50&expansions=author_id%2Cin_reply_to_user_id%2Cgeo.place_id&tweet.fields=id%2Ctext%2Cauthor_id%2Cin_reply_to_user_id%2Cgeo%2Cconversation_id%2Ccreated_at%2Clang%2Cpublic_metrics%2Creferenced_tweets%2Creply_settings%2Csource&user.fields=id%2Cname%2Cusername%2Ccreated_at%2Cdescription%2Cpublic_metrics%2Cverified HTTP/1.1" 200 8285
11/11/2021 10:26:50 PM Next Token: 1jzu9lk96gu5npw2xqo3317g9cnootbj0v52xhxs07lp
11/11/2021 10:26:50 PM Start with : 2016-3-01T00:00:00.000Z
11/11/2021 10:26:50 PM Number of tweets: 100
11/11/2021 10:27:00 PM Max Count is reached
11/11/2021 10:27:00 PM Next Token: None
11/11/2021 10:27:00 PM Search URL: https://api.twitter.com/2/tweets/search/all
11/11/2021 10:27:00 PM Query Params: {'query': 'wirecard lang:de', 'start_time': '2016-4-01T00:00:00.000Z', 'end_time': '2016-4-30T00:00:00.000Z', 'max_results': 50, 'expansions': 'author_id,in_reply_to_user_id,geo.place_id', 'tweet.fields': 'id,text,author_id,in_reply_to_user_id,geo,conversation_id,created_at,lang,public_metrics,referenced_tweets,reply_settings,source', 'user.fields': 'id,name,username,created_at,description,public_metrics,verified', 'next_token': {}}
11/11/2021 10:27:00 PM Starting new HTTPS connection (1): api.twitter.com:443
11/11/2021 10:27:00 PM https://api.twitter.com:443 "GET /2/tweets/search/all?query=wirecard+lang%3Ade&start_time=2016-4-01T00%3A00%3A00.000Z&end_time=2016-4-30T00%3A00%3A00.000Z&max_results=50&expansions=author_id%2Cin_reply_to_user_id%2Cgeo.place_id&tweet.fields=id%2Ctext%2Cauthor_id%2Cin_reply_to_user_id%2Cgeo%2Cconversation_id%2Ccreated_at%2Clang%2Cpublic_metrics%2Creferenced_tweets%2Creply_settings%2Csource&user.fields=id%2Cname%2Cusername%2Ccreated_at%2Cdescription%2Cpublic_metrics%2Cverified HTTP/1.1" 200 8233
11/11/2021 10:27:00 PM Next Token: 1jzu9lk96gu5npw2xtnv9qmny3ogd0mz7yj7ti708x31
11/11/2021 10:27:00 PM Start with : 2016-4-01T00:00:00.000Z
11/11/2021 10:27:00 PM Number of tweets: 150
11/11/2021 10:27:10 PM Max Count is reached
