05/04/2022 08:17:19 PM Got BEARER TOKEN
05/04/2022 08:17:19 PM Headers are created
05/04/2022 08:17:19 PM Start_List: ['2016-2-01T00:00:00.000Z', '2016-3-01T00:00:00.000Z', '2016-4-01T00:00:00.000Z', '2016-5-01T00:00:00.000Z', '2016-6-01T00:00:00.000Z', '2016-7-01T00:00:00.000Z', '2016-8-01T00:00:00.000Z', '2016-9-01T00:00:00.000Z', '2016-10-01T00:00:00.000Z', '2016-11-01T00:00:00.000Z', '2016-12-01T00:00:00.000Z', '2017-1-01T00:00:00.000Z', '2017-2-01T00:00:00.000Z', '2017-3-01T00:00:00.000Z', '2017-4-01T00:00:00.000Z', '2017-5-01T00:00:00.000Z', '2017-6-01T00:00:00.000Z', '2017-7-01T00:00:00.000Z', '2017-8-01T00:00:00.000Z', '2017-9-01T00:00:00.000Z', '2017-10-01T00:00:00.000Z', '2017-11-01T00:00:00.000Z', '2017-12-01T00:00:00.000Z', '2018-1-01T00:00:00.000Z', '2018-2-01T00:00:00.000Z', '2018-3-01T00:00:00.000Z', '2018-4-01T00:00:00.000Z', '2018-5-01T00:00:00.000Z', '2018-6-01T00:00:00.000Z', '2018-7-01T00:00:00.000Z', '2018-8-01T00:00:00.000Z', '2018-9-01T00:00:00.000Z', '2018-10-01T00:00:00.000Z', '2018-11-01T00:00:00.000Z', '2018-12-01T00:00:00.000Z', '2019-1-01T00:00:00.000Z', '2019-2-01T00:00:00.000Z', '2019-3-01T00:00:00.000Z', '2019-4-01T00:00:00.000Z', '2019-5-01T00:00:00.000Z', '2019-6-01T00:00:00.000Z', '2019-7-01T00:00:00.000Z', '2019-8-01T00:00:00.000Z', '2019-9-01T00:00:00.000Z', '2019-10-01T00:00:00.000Z', '2019-11-01T00:00:00.000Z', '2019-12-01T00:00:00.000Z', '2020-1-01T00:00:00.000Z', '2020-2-01T00:00:00.000Z', '2020-3-01T00:00:00.000Z', '2020-4-01T00:00:00.000Z', '2020-5-01T00:00:00.000Z', '2020-6-01T00:00:00.000Z', '2020-7-01T00:00:00.000Z'] 
	End_List: ['2016-2-29T00:00:00.000Z', '2016-3-31T00:00:00.000Z', '2016-4-30T00:00:00.000Z', '2016-5-31T00:00:00.000Z', '2016-6-30T00:00:00.000Z', '2016-7-31T00:00:00.000Z', '2016-8-31T00:00:00.000Z', '2016-9-30T00:00:00.000Z', '2016-10-31T00:00:00.000Z', '2016-11-30T00:00:00.000Z', '2016-12-31T00:00:00.000Z', '2017-1-31T00:00:00.000Z', '2017-2-28T00:00:00.000Z', '2017-3-31T00:00:00.000Z', '2017-4-30T00:00:00.000Z', '2017-5-31T00:00:00.000Z', '2017-6-30T00:00:00.000Z', '2017-7-31T00:00:00.000Z', '2017-8-31T00:00:00.000Z', '2017-9-30T00:00:00.000Z', '2017-10-31T00:00:00.000Z', '2017-11-30T00:00:00.000Z', '2017-12-31T00:00:00.000Z', '2018-1-31T00:00:00.000Z', '2018-2-28T00:00:00.000Z', '2018-3-31T00:00:00.000Z', '2018-4-30T00:00:00.000Z', '2018-5-31T00:00:00.000Z', '2018-6-30T00:00:00.000Z', '2018-7-31T00:00:00.000Z', '2018-8-31T00:00:00.000Z', '2018-9-30T00:00:00.000Z', '2018-10-31T00:00:00.000Z', '2018-11-30T00:00:00.000Z', '2018-12-31T00:00:00.000Z', '2019-1-31T00:00:00.000Z', '2019-2-28T00:00:00.000Z', '2019-3-31T00:00:00.000Z', '2019-4-30T00:00:00.000Z', '2019-5-31T00:00:00.000Z', '2019-6-30T00:00:00.000Z', '2019-7-31T00:00:00.000Z', '2019-8-31T00:00:00.000Z', '2019-9-30T00:00:00.000Z', '2019-10-31T00:00:00.000Z', '2019-11-30T00:00:00.000Z', '2019-12-31T00:00:00.000Z', '2020-1-31T00:00:00.000Z', '2020-2-29T00:00:00.000Z', '2020-3-31T00:00:00.000Z', '2020-4-30T00:00:00.000Z', '2020-5-31T00:00:00.000Z', '2020-6-30T00:00:00.000Z', '2020-7-31T00:00:00.000Z']
05/04/2022 08:17:19 PM For Loop starts for 54 runs.
05/04/2022 08:17:19 PM For Loop run: 0
05/04/2022 08:17:19 PM Start with WHILE loop.
05/04/2022 08:17:19 PM Start Token: None
05/04/2022 08:17:19 PM Start with create_url()
05/04/2022 08:17:19 PM Search URL: https://api.twitter.com/2/tweets/search/all
05/04/2022 08:17:19 PM Query Params: {'query': 'WRCDF lang:de', 'start_time': '2016-2-01T00:00:00.000Z', 'end_time': '2016-2-29T00:00:00.000Z', 'max_results': 500, 'expansions': 'author_id,in_reply_to_user_id,geo.place_id', 'tweet.fields': 'id,text,author_id,in_reply_to_user_id,geo,conversation_id,created_at,lang,public_metrics,referenced_tweets,reply_settings,source', 'user.fields': 'id,name,username,created_at,description,public_metrics,verified', 'next_token': {}}
05/04/2022 08:17:19 PM Start with connect_to_endpoint()
05/04/2022 08:17:19 PM Starting new HTTPS connection (1): api.twitter.com:443
05/04/2022 08:17:20 PM https://api.twitter.com:443 "GET /2/tweets/search/all?query=WRCDF+lang%3Ade&start_time=2016-2-01T00%3A00%3A00.000Z&end_time=2016-2-29T00%3A00%3A00.000Z&max_results=500&expansions=author_id%2Cin_reply_to_user_id%2Cgeo.place_id&tweet.fields=id%2Ctext%2Cauthor_id%2Cin_reply_to_user_id%2Cgeo%2Cconversation_id%2Ccreated_at%2Clang%2Cpublic_metrics%2Creferenced_tweets%2Creply_settings%2Csource&user.fields=id%2Cname%2Cusername%2Ccreated_at%2Cdescription%2Cpublic_metrics%2Cverified HTTP/1.1" 200 567
05/04/2022 08:17:20 PM else condition: next_token is in json_response
05/04/2022 08:17:20 PM result_count is not None and result_count > 0
05/04/2022 08:17:20 PM -------------------
05/04/2022 08:17:20 PM Start with : 2016-2-01T00:00:00.000Z
05/04/2022 08:17:20 PM append_to_csv is started wiht file data.csv
05/04/2022 08:17:20 PM append_to_csv is started wiht file user.csv
05/04/2022 08:17:20 PM Number of tweets: 1
05/04/2022 08:17:20 PM -------------------
05/04/2022 08:17:25 PM Set flag to False and next_token to None
05/04/2022 08:17:30 PM For Loop run: 1
05/04/2022 08:17:30 PM Start with WHILE loop.
05/04/2022 08:17:30 PM Start Token: None
05/04/2022 08:17:30 PM Start with create_url()
05/04/2022 08:17:30 PM Search URL: https://api.twitter.com/2/tweets/search/all
05/04/2022 08:17:30 PM Query Params: {'query': 'WRCDF lang:de', 'start_time': '2016-3-01T00:00:00.000Z', 'end_time': '2016-3-31T00:00:00.000Z', 'max_results': 500, 'expansions': 'author_id,in_reply_to_user_id,geo.place_id', 'tweet.fields': 'id,text,author_id,in_reply_to_user_id,geo,conversation_id,created_at,lang,public_metrics,referenced_tweets,reply_settings,source', 'user.fields': 'id,name,username,created_at,description,public_metrics,verified', 'next_token': {}}
05/04/2022 08:17:30 PM Start with connect_to_endpoint()
05/04/2022 08:17:30 PM Starting new HTTPS connection (1): api.twitter.com:443
05/04/2022 08:17:30 PM https://api.twitter.com:443 "GET /2/tweets/search/all?query=WRCDF+lang%3Ade&start_time=2016-3-01T00%3A00%3A00.000Z&end_time=2016-3-31T00%3A00%3A00.000Z&max_results=500&expansions=author_id%2Cin_reply_to_user_id%2Cgeo.place_id&tweet.fields=id%2Ctext%2Cauthor_id%2Cin_reply_to_user_id%2Cgeo%2Cconversation_id%2Ccreated_at%2Clang%2Cpublic_metrics%2Creferenced_tweets%2Creply_settings%2Csource&user.fields=id%2Cname%2Cusername%2Ccreated_at%2Cdescription%2Cpublic_metrics%2Cverified HTTP/1.1" 200 560
05/04/2022 08:17:30 PM else condition: next_token is in json_response
05/04/2022 08:17:30 PM result_count is not None and result_count > 0
05/04/2022 08:17:30 PM -------------------
05/04/2022 08:17:30 PM Start with : 2016-3-01T00:00:00.000Z
05/04/2022 08:17:30 PM append_to_csv is started wiht file data.csv
05/04/2022 08:17:30 PM append_to_csv is started wiht file user.csv
05/04/2022 08:17:30 PM Number of tweets: 2
05/04/2022 08:17:30 PM -------------------
05/04/2022 08:17:35 PM Set flag to False and next_token to None
05/04/2022 08:17:40 PM For Loop run: 2
05/04/2022 08:17:40 PM Start with WHILE loop.
05/04/2022 08:17:40 PM Start Token: None
05/04/2022 08:17:40 PM Start with create_url()
05/04/2022 08:17:40 PM Search URL: https://api.twitter.com/2/tweets/search/all
05/04/2022 08:17:40 PM Query Params: {'query': 'WRCDF lang:de', 'start_time': '2016-4-01T00:00:00.000Z', 'end_time': '2016-4-30T00:00:00.000Z', 'max_results': 500, 'expansions': 'author_id,in_reply_to_user_id,geo.place_id', 'tweet.fields': 'id,text,author_id,in_reply_to_user_id,geo,conversation_id,created_at,lang,public_metrics,referenced_tweets,reply_settings,source', 'user.fields': 'id,name,username,created_at,description,public_metrics,verified', 'next_token': {}}
05/04/2022 08:17:40 PM Start with connect_to_endpoint()
05/04/2022 08:17:40 PM Starting new HTTPS connection (1): api.twitter.com:443
05/04/2022 08:17:40 PM https://api.twitter.com:443 "GET /2/tweets/search/all?query=WRCDF+lang%3Ade&start_time=2016-4-01T00%3A00%3A00.000Z&end_time=2016-4-30T00%3A00%3A00.000Z&max_results=500&expansions=author_id%2Cin_reply_to_user_id%2Cgeo.place_id&tweet.fields=id%2Ctext%2Cauthor_id%2Cin_reply_to_user_id%2Cgeo%2Cconversation_id%2Ccreated_at%2Clang%2Cpublic_metrics%2Creferenced_tweets%2Creply_settings%2Csource&user.fields=id%2Cname%2Cusername%2Ccreated_at%2Cdescription%2Cpublic_metrics%2Cverified HTTP/1.1" 200 588
05/04/2022 08:17:40 PM else condition: next_token is in json_response
05/04/2022 08:17:40 PM result_count is not None and result_count > 0
05/04/2022 08:17:40 PM -------------------
05/04/2022 08:17:40 PM Start with : 2016-4-01T00:00:00.000Z
05/04/2022 08:17:40 PM append_to_csv is started wiht file data.csv
05/04/2022 08:17:40 PM append_to_csv is started wiht file user.csv
05/04/2022 08:17:40 PM Number of tweets: 3
05/04/2022 08:17:40 PM -------------------
05/04/2022 08:17:45 PM Set flag to False and next_token to None
05/04/2022 08:17:50 PM For Loop run: 3
05/04/2022 08:17:50 PM Start with WHILE loop.
05/04/2022 08:17:50 PM Start Token: None
05/04/2022 08:17:50 PM Start with create_url()
05/04/2022 08:17:50 PM Search URL: https://api.twitter.com/2/tweets/search/all
05/04/2022 08:17:50 PM Query Params: {'query': 'WRCDF lang:de', 'start_time': '2016-5-01T00:00:00.000Z', 'end_time': '2016-5-31T00:00:00.000Z', 'max_results': 500, 'expansions': 'author_id,in_reply_to_user_id,geo.place_id', 'tweet.fields': 'id,text,author_id,in_reply_to_user_id,geo,conversation_id,created_at,lang,public_metrics,referenced_tweets,reply_settings,source', 'user.fields': 'id,name,username,created_at,description,public_metrics,verified', 'next_token': {}}
05/04/2022 08:17:50 PM Start with connect_to_endpoint()
05/04/2022 08:17:50 PM Starting new HTTPS connection (1): api.twitter.com:443
05/04/2022 08:17:50 PM https://api.twitter.com:443 "GET /2/tweets/search/all?query=WRCDF+lang%3Ade&start_time=2016-5-01T00%3A00%3A00.000Z&end_time=2016-5-31T00%3A00%3A00.000Z&max_results=500&expansions=author_id%2Cin_reply_to_user_id%2Cgeo.place_id&tweet.fields=id%2Ctext%2Cauthor_id%2Cin_reply_to_user_id%2Cgeo%2Cconversation_id%2Ccreated_at%2Clang%2Cpublic_metrics%2Creferenced_tweets%2Creply_settings%2Csource&user.fields=id%2Cname%2Cusername%2Ccreated_at%2Cdescription%2Cpublic_metrics%2Cverified HTTP/1.1" 200 53
05/04/2022 08:17:50 PM else condition: next_token is in json_response
05/04/2022 08:17:50 PM Set flag to False and next_token to None
05/04/2022 08:17:55 PM For Loop run: 4
05/04/2022 08:17:55 PM Start with WHILE loop.
05/04/2022 08:17:55 PM Start Token: None
05/04/2022 08:17:55 PM Start with create_url()
05/04/2022 08:17:55 PM Search URL: https://api.twitter.com/2/tweets/search/all
05/04/2022 08:17:55 PM Query Params: {'query': 'WRCDF lang:de', 'start_time': '2016-6-01T00:00:00.000Z', 'end_time': '2016-6-30T00:00:00.000Z', 'max_results': 500, 'expansions': 'author_id,in_reply_to_user_id,geo.place_id', 'tweet.fields': 'id,text,author_id,in_reply_to_user_id,geo,conversation_id,created_at,lang,public_metrics,referenced_tweets,reply_settings,source', 'user.fields': 'id,name,username,created_at,description,public_metrics,verified', 'next_token': {}}
05/04/2022 08:17:55 PM Start with connect_to_endpoint()
05/04/2022 08:17:55 PM Starting new HTTPS connection (1): api.twitter.com:443
05/04/2022 08:17:56 PM https://api.twitter.com:443 "GET /2/tweets/search/all?query=WRCDF+lang%3Ade&start_time=2016-6-01T00%3A00%3A00.000Z&end_time=2016-6-30T00%3A00%3A00.000Z&max_results=500&expansions=author_id%2Cin_reply_to_user_id%2Cgeo.place_id&tweet.fields=id%2Ctext%2Cauthor_id%2Cin_reply_to_user_id%2Cgeo%2Cconversation_id%2Ccreated_at%2Clang%2Cpublic_metrics%2Creferenced_tweets%2Creply_settings%2Csource&user.fields=id%2Cname%2Cusername%2Ccreated_at%2Cdescription%2Cpublic_metrics%2Cverified HTTP/1.1" 200 53
05/04/2022 08:17:56 PM else condition: next_token is in json_response
05/04/2022 08:17:56 PM Set flag to False and next_token to None
05/04/2022 08:18:01 PM For Loop run: 5
05/04/2022 08:18:01 PM Start with WHILE loop.
05/04/2022 08:18:01 PM Start Token: None
05/04/2022 08:18:01 PM Start with create_url()
05/04/2022 08:18:01 PM Search URL: https://api.twitter.com/2/tweets/search/all
05/04/2022 08:18:01 PM Query Params: {'query': 'WRCDF lang:de', 'start_time': '2016-7-01T00:00:00.000Z', 'end_time': '2016-7-31T00:00:00.000Z', 'max_results': 500, 'expansions': 'author_id,in_reply_to_user_id,geo.place_id', 'tweet.fields': 'id,text,author_id,in_reply_to_user_id,geo,conversation_id,created_at,lang,public_metrics,referenced_tweets,reply_settings,source', 'user.fields': 'id,name,username,created_at,description,public_metrics,verified', 'next_token': {}}
05/04/2022 08:18:01 PM Start with connect_to_endpoint()
05/04/2022 08:18:01 PM Starting new HTTPS connection (1): api.twitter.com:443
05/04/2022 08:18:01 PM https://api.twitter.com:443 "GET /2/tweets/search/all?query=WRCDF+lang%3Ade&start_time=2016-7-01T00%3A00%3A00.000Z&end_time=2016-7-31T00%3A00%3A00.000Z&max_results=500&expansions=author_id%2Cin_reply_to_user_id%2Cgeo.place_id&tweet.fields=id%2Ctext%2Cauthor_id%2Cin_reply_to_user_id%2Cgeo%2Cconversation_id%2Ccreated_at%2Clang%2Cpublic_metrics%2Creferenced_tweets%2Creply_settings%2Csource&user.fields=id%2Cname%2Cusername%2Ccreated_at%2Cdescription%2Cpublic_metrics%2Cverified HTTP/1.1" 200 574
05/04/2022 08:18:01 PM else condition: next_token is in json_response
05/04/2022 08:18:01 PM result_count is not None and result_count > 0
05/04/2022 08:18:01 PM -------------------
05/04/2022 08:18:01 PM Start with : 2016-7-01T00:00:00.000Z
05/04/2022 08:18:01 PM append_to_csv is started wiht file data.csv
05/04/2022 08:18:01 PM append_to_csv is started wiht file user.csv
05/04/2022 08:18:01 PM Number of tweets: 4
05/04/2022 08:18:01 PM -------------------
05/04/2022 08:18:06 PM Set flag to False and next_token to None
05/04/2022 08:18:11 PM For Loop run: 6
05/04/2022 08:18:11 PM Start with WHILE loop.
05/04/2022 08:18:11 PM Start Token: None
05/04/2022 08:18:11 PM Start with create_url()
05/04/2022 08:18:11 PM Search URL: https://api.twitter.com/2/tweets/search/all
05/04/2022 08:18:11 PM Query Params: {'query': 'WRCDF lang:de', 'start_time': '2016-8-01T00:00:00.000Z', 'end_time': '2016-8-31T00:00:00.000Z', 'max_results': 500, 'expansions': 'author_id,in_reply_to_user_id,geo.place_id', 'tweet.fields': 'id,text,author_id,in_reply_to_user_id,geo,conversation_id,created_at,lang,public_metrics,referenced_tweets,reply_settings,source', 'user.fields': 'id,name,username,created_at,description,public_metrics,verified', 'next_token': {}}
05/04/2022 08:18:11 PM Start with connect_to_endpoint()
05/04/2022 08:18:11 PM Starting new HTTPS connection (1): api.twitter.com:443
05/04/2022 08:18:11 PM https://api.twitter.com:443 "GET /2/tweets/search/all?query=WRCDF+lang%3Ade&start_time=2016-8-01T00%3A00%3A00.000Z&end_time=2016-8-31T00%3A00%3A00.000Z&max_results=500&expansions=author_id%2Cin_reply_to_user_id%2Cgeo.place_id&tweet.fields=id%2Ctext%2Cauthor_id%2Cin_reply_to_user_id%2Cgeo%2Cconversation_id%2Ccreated_at%2Clang%2Cpublic_metrics%2Creferenced_tweets%2Creply_settings%2Csource&user.fields=id%2Cname%2Cusername%2Ccreated_at%2Cdescription%2Cpublic_metrics%2Cverified HTTP/1.1" 200 53
05/04/2022 08:18:11 PM else condition: next_token is in json_response
05/04/2022 08:18:11 PM Set flag to False and next_token to None
05/04/2022 08:18:16 PM For Loop run: 7
05/04/2022 08:18:16 PM Start with WHILE loop.
05/04/2022 08:18:16 PM Start Token: None
05/04/2022 08:18:16 PM Start with create_url()
05/04/2022 08:18:16 PM Search URL: https://api.twitter.com/2/tweets/search/all
05/04/2022 08:18:16 PM Query Params: {'query': 'WRCDF lang:de', 'start_time': '2016-9-01T00:00:00.000Z', 'end_time': '2016-9-30T00:00:00.000Z', 'max_results': 500, 'expansions': 'author_id,in_reply_to_user_id,geo.place_id', 'tweet.fields': 'id,text,author_id,in_reply_to_user_id,geo,conversation_id,created_at,lang,public_metrics,referenced_tweets,reply_settings,source', 'user.fields': 'id,name,username,created_at,description,public_metrics,verified', 'next_token': {}}
05/04/2022 08:18:16 PM Start with connect_to_endpoint()
05/04/2022 08:18:16 PM Starting new HTTPS connection (1): api.twitter.com:443
05/04/2022 08:18:17 PM https://api.twitter.com:443 "GET /2/tweets/search/all?query=WRCDF+lang%3Ade&start_time=2016-9-01T00%3A00%3A00.000Z&end_time=2016-9-30T00%3A00%3A00.000Z&max_results=500&expansions=author_id%2Cin_reply_to_user_id%2Cgeo.place_id&tweet.fields=id%2Ctext%2Cauthor_id%2Cin_reply_to_user_id%2Cgeo%2Cconversation_id%2Ccreated_at%2Clang%2Cpublic_metrics%2Creferenced_tweets%2Creply_settings%2Csource&user.fields=id%2Cname%2Cusername%2Ccreated_at%2Cdescription%2Cpublic_metrics%2Cverified HTTP/1.1" 200 53
05/04/2022 08:18:17 PM else condition: next_token is in json_response
05/04/2022 08:18:17 PM Set flag to False and next_token to None
05/04/2022 08:18:22 PM For Loop run: 8
05/04/2022 08:18:22 PM Start with WHILE loop.
05/04/2022 08:18:22 PM Start Token: None
05/04/2022 08:18:22 PM Start with create_url()
05/04/2022 08:18:22 PM Search URL: https://api.twitter.com/2/tweets/search/all
05/04/2022 08:18:22 PM Query Params: {'query': 'WRCDF lang:de', 'start_time': '2016-10-01T00:00:00.000Z', 'end_time': '2016-10-31T00:00:00.000Z', 'max_results': 500, 'expansions': 'author_id,in_reply_to_user_id,geo.place_id', 'tweet.fields': 'id,text,author_id,in_reply_to_user_id,geo,conversation_id,created_at,lang,public_metrics,referenced_tweets,reply_settings,source', 'user.fields': 'id,name,username,created_at,description,public_metrics,verified', 'next_token': {}}
05/04/2022 08:18:22 PM Start with connect_to_endpoint()
05/04/2022 08:18:22 PM Starting new HTTPS connection (1): api.twitter.com:443
05/04/2022 08:18:22 PM https://api.twitter.com:443 "GET /2/tweets/search/all?query=WRCDF+lang%3Ade&start_time=2016-10-01T00%3A00%3A00.000Z&end_time=2016-10-31T00%3A00%3A00.000Z&max_results=500&expansions=author_id%2Cin_reply_to_user_id%2Cgeo.place_id&tweet.fields=id%2Ctext%2Cauthor_id%2Cin_reply_to_user_id%2Cgeo%2Cconversation_id%2Ccreated_at%2Clang%2Cpublic_metrics%2Creferenced_tweets%2Creply_settings%2Csource&user.fields=id%2Cname%2Cusername%2Ccreated_at%2Cdescription%2Cpublic_metrics%2Cverified HTTP/1.1" 200 53
05/04/2022 08:18:22 PM else condition: next_token is in json_response
05/04/2022 08:18:22 PM Set flag to False and next_token to None
05/04/2022 08:18:27 PM For Loop run: 9
05/04/2022 08:18:27 PM Start with WHILE loop.
05/04/2022 08:18:27 PM Start Token: None
05/04/2022 08:18:27 PM Start with create_url()
05/04/2022 08:18:27 PM Search URL: https://api.twitter.com/2/tweets/search/all
05/04/2022 08:18:27 PM Query Params: {'query': 'WRCDF lang:de', 'start_time': '2016-11-01T00:00:00.000Z', 'end_time': '2016-11-30T00:00:00.000Z', 'max_results': 500, 'expansions': 'author_id,in_reply_to_user_id,geo.place_id', 'tweet.fields': 'id,text,author_id,in_reply_to_user_id,geo,conversation_id,created_at,lang,public_metrics,referenced_tweets,reply_settings,source', 'user.fields': 'id,name,username,created_at,description,public_metrics,verified', 'next_token': {}}
05/04/2022 08:18:27 PM Start with connect_to_endpoint()
05/04/2022 08:18:27 PM Starting new HTTPS connection (1): api.twitter.com:443
05/04/2022 08:18:27 PM https://api.twitter.com:443 "GET /2/tweets/search/all?query=WRCDF+lang%3Ade&start_time=2016-11-01T00%3A00%3A00.000Z&end_time=2016-11-30T00%3A00%3A00.000Z&max_results=500&expansions=author_id%2Cin_reply_to_user_id%2Cgeo.place_id&tweet.fields=id%2Ctext%2Cauthor_id%2Cin_reply_to_user_id%2Cgeo%2Cconversation_id%2Ccreated_at%2Clang%2Cpublic_metrics%2Creferenced_tweets%2Creply_settings%2Csource&user.fields=id%2Cname%2Cusername%2Ccreated_at%2Cdescription%2Cpublic_metrics%2Cverified HTTP/1.1" 200 53
05/04/2022 08:18:27 PM else condition: next_token is in json_response
05/04/2022 08:18:27 PM Set flag to False and next_token to None
05/04/2022 08:18:32 PM For Loop run: 10
05/04/2022 08:18:32 PM Start with WHILE loop.
05/04/2022 08:18:32 PM Start Token: None
05/04/2022 08:18:32 PM Start with create_url()
05/04/2022 08:18:32 PM Search URL: https://api.twitter.com/2/tweets/search/all
05/04/2022 08:18:32 PM Query Params: {'query': 'WRCDF lang:de', 'start_time': '2016-12-01T00:00:00.000Z', 'end_time': '2016-12-31T00:00:00.000Z', 'max_results': 500, 'expansions': 'author_id,in_reply_to_user_id,geo.place_id', 'tweet.fields': 'id,text,author_id,in_reply_to_user_id,geo,conversation_id,created_at,lang,public_metrics,referenced_tweets,reply_settings,source', 'user.fields': 'id,name,username,created_at,description,public_metrics,verified', 'next_token': {}}
05/04/2022 08:18:32 PM Start with connect_to_endpoint()
05/04/2022 08:18:32 PM Starting new HTTPS connection (1): api.twitter.com:443
05/04/2022 08:18:32 PM https://api.twitter.com:443 "GET /2/tweets/search/all?query=WRCDF+lang%3Ade&start_time=2016-12-01T00%3A00%3A00.000Z&end_time=2016-12-31T00%3A00%3A00.000Z&max_results=500&expansions=author_id%2Cin_reply_to_user_id%2Cgeo.place_id&tweet.fields=id%2Ctext%2Cauthor_id%2Cin_reply_to_user_id%2Cgeo%2Cconversation_id%2Ccreated_at%2Clang%2Cpublic_metrics%2Creferenced_tweets%2Creply_settings%2Csource&user.fields=id%2Cname%2Cusername%2Ccreated_at%2Cdescription%2Cpublic_metrics%2Cverified HTTP/1.1" 200 53
05/04/2022 08:18:32 PM else condition: next_token is in json_response
05/04/2022 08:18:32 PM Set flag to False and next_token to None
05/04/2022 08:18:37 PM For Loop run: 11
05/04/2022 08:18:37 PM Start with WHILE loop.
05/04/2022 08:18:37 PM Start Token: None
05/04/2022 08:18:37 PM Start with create_url()
05/04/2022 08:18:37 PM Search URL: https://api.twitter.com/2/tweets/search/all
05/04/2022 08:18:37 PM Query Params: {'query': 'WRCDF lang:de', 'start_time': '2017-1-01T00:00:00.000Z', 'end_time': '2017-1-31T00:00:00.000Z', 'max_results': 500, 'expansions': 'author_id,in_reply_to_user_id,geo.place_id', 'tweet.fields': 'id,text,author_id,in_reply_to_user_id,geo,conversation_id,created_at,lang,public_metrics,referenced_tweets,reply_settings,source', 'user.fields': 'id,name,username,created_at,description,public_metrics,verified', 'next_token': {}}
05/04/2022 08:18:37 PM Start with connect_to_endpoint()
05/04/2022 08:18:37 PM Starting new HTTPS connection (1): api.twitter.com:443
05/04/2022 08:18:38 PM https://api.twitter.com:443 "GET /2/tweets/search/all?query=WRCDF+lang%3Ade&start_time=2017-1-01T00%3A00%3A00.000Z&end_time=2017-1-31T00%3A00%3A00.000Z&max_results=500&expansions=author_id%2Cin_reply_to_user_id%2Cgeo.place_id&tweet.fields=id%2Ctext%2Cauthor_id%2Cin_reply_to_user_id%2Cgeo%2Cconversation_id%2Ccreated_at%2Clang%2Cpublic_metrics%2Creferenced_tweets%2Creply_settings%2Csource&user.fields=id%2Cname%2Cusername%2Ccreated_at%2Cdescription%2Cpublic_metrics%2Cverified HTTP/1.1" 200 53
05/04/2022 08:18:38 PM else condition: next_token is in json_response
05/04/2022 08:18:38 PM Set flag to False and next_token to None
05/04/2022 08:18:43 PM For Loop run: 12
05/04/2022 08:18:43 PM Start with WHILE loop.
05/04/2022 08:18:43 PM Start Token: None
05/04/2022 08:18:43 PM Start with create_url()
05/04/2022 08:18:43 PM Search URL: https://api.twitter.com/2/tweets/search/all
05/04/2022 08:18:43 PM Query Params: {'query': 'WRCDF lang:de', 'start_time': '2017-2-01T00:00:00.000Z', 'end_time': '2017-2-28T00:00:00.000Z', 'max_results': 500, 'expansions': 'author_id,in_reply_to_user_id,geo.place_id', 'tweet.fields': 'id,text,author_id,in_reply_to_user_id,geo,conversation_id,created_at,lang,public_metrics,referenced_tweets,reply_settings,source', 'user.fields': 'id,name,username,created_at,description,public_metrics,verified', 'next_token': {}}
05/04/2022 08:18:43 PM Start with connect_to_endpoint()
05/04/2022 08:18:43 PM Starting new HTTPS connection (1): api.twitter.com:443
05/04/2022 08:18:43 PM https://api.twitter.com:443 "GET /2/tweets/search/all?query=WRCDF+lang%3Ade&start_time=2017-2-01T00%3A00%3A00.000Z&end_time=2017-2-28T00%3A00%3A00.000Z&max_results=500&expansions=author_id%2Cin_reply_to_user_id%2Cgeo.place_id&tweet.fields=id%2Ctext%2Cauthor_id%2Cin_reply_to_user_id%2Cgeo%2Cconversation_id%2Ccreated_at%2Clang%2Cpublic_metrics%2Creferenced_tweets%2Creply_settings%2Csource&user.fields=id%2Cname%2Cusername%2Ccreated_at%2Cdescription%2Cpublic_metrics%2Cverified HTTP/1.1" 200 53
05/04/2022 08:18:43 PM else condition: next_token is in json_response
05/04/2022 08:18:43 PM Set flag to False and next_token to None
05/04/2022 08:18:48 PM For Loop run: 13
05/04/2022 08:18:48 PM Start with WHILE loop.
05/04/2022 08:18:48 PM Start Token: None
05/04/2022 08:18:48 PM Start with create_url()
05/04/2022 08:18:48 PM Search URL: https://api.twitter.com/2/tweets/search/all
05/04/2022 08:18:48 PM Query Params: {'query': 'WRCDF lang:de', 'start_time': '2017-3-01T00:00:00.000Z', 'end_time': '2017-3-31T00:00:00.000Z', 'max_results': 500, 'expansions': 'author_id,in_reply_to_user_id,geo.place_id', 'tweet.fields': 'id,text,author_id,in_reply_to_user_id,geo,conversation_id,created_at,lang,public_metrics,referenced_tweets,reply_settings,source', 'user.fields': 'id,name,username,created_at,description,public_metrics,verified', 'next_token': {}}
05/04/2022 08:18:48 PM Start with connect_to_endpoint()
05/04/2022 08:18:48 PM Starting new HTTPS connection (1): api.twitter.com:443
05/04/2022 08:18:48 PM https://api.twitter.com:443 "GET /2/tweets/search/all?query=WRCDF+lang%3Ade&start_time=2017-3-01T00%3A00%3A00.000Z&end_time=2017-3-31T00%3A00%3A00.000Z&max_results=500&expansions=author_id%2Cin_reply_to_user_id%2Cgeo.place_id&tweet.fields=id%2Ctext%2Cauthor_id%2Cin_reply_to_user_id%2Cgeo%2Cconversation_id%2Ccreated_at%2Clang%2Cpublic_metrics%2Creferenced_tweets%2Creply_settings%2Csource&user.fields=id%2Cname%2Cusername%2Ccreated_at%2Cdescription%2Cpublic_metrics%2Cverified HTTP/1.1" 200 53
05/04/2022 08:18:48 PM else condition: next_token is in json_response
05/04/2022 08:18:48 PM Set flag to False and next_token to None
05/04/2022 08:18:53 PM For Loop run: 14
05/04/2022 08:18:53 PM Start with WHILE loop.
05/04/2022 08:18:53 PM Start Token: None
05/04/2022 08:18:53 PM Start with create_url()
05/04/2022 08:18:53 PM Search URL: https://api.twitter.com/2/tweets/search/all
05/04/2022 08:18:53 PM Query Params: {'query': 'WRCDF lang:de', 'start_time': '2017-4-01T00:00:00.000Z', 'end_time': '2017-4-30T00:00:00.000Z', 'max_results': 500, 'expansions': 'author_id,in_reply_to_user_id,geo.place_id', 'tweet.fields': 'id,text,author_id,in_reply_to_user_id,geo,conversation_id,created_at,lang,public_metrics,referenced_tweets,reply_settings,source', 'user.fields': 'id,name,username,created_at,description,public_metrics,verified', 'next_token': {}}
05/04/2022 08:18:53 PM Start with connect_to_endpoint()
05/04/2022 08:18:53 PM Starting new HTTPS connection (1): api.twitter.com:443
05/04/2022 08:18:53 PM https://api.twitter.com:443 "GET /2/tweets/search/all?query=WRCDF+lang%3Ade&start_time=2017-4-01T00%3A00%3A00.000Z&end_time=2017-4-30T00%3A00%3A00.000Z&max_results=500&expansions=author_id%2Cin_reply_to_user_id%2Cgeo.place_id&tweet.fields=id%2Ctext%2Cauthor_id%2Cin_reply_to_user_id%2Cgeo%2Cconversation_id%2Ccreated_at%2Clang%2Cpublic_metrics%2Creferenced_tweets%2Creply_settings%2Csource&user.fields=id%2Cname%2Cusername%2Ccreated_at%2Cdescription%2Cpublic_metrics%2Cverified HTTP/1.1" 200 53
05/04/2022 08:18:53 PM else condition: next_token is in json_response
05/04/2022 08:18:53 PM Set flag to False and next_token to None
05/04/2022 08:18:58 PM For Loop run: 15
05/04/2022 08:18:58 PM Start with WHILE loop.
05/04/2022 08:18:58 PM Start Token: None
05/04/2022 08:18:58 PM Start with create_url()
05/04/2022 08:18:58 PM Search URL: https://api.twitter.com/2/tweets/search/all
05/04/2022 08:18:58 PM Query Params: {'query': 'WRCDF lang:de', 'start_time': '2017-5-01T00:00:00.000Z', 'end_time': '2017-5-31T00:00:00.000Z', 'max_results': 500, 'expansions': 'author_id,in_reply_to_user_id,geo.place_id', 'tweet.fields': 'id,text,author_id,in_reply_to_user_id,geo,conversation_id,created_at,lang,public_metrics,referenced_tweets,reply_settings,source', 'user.fields': 'id,name,username,created_at,description,public_metrics,verified', 'next_token': {}}
05/04/2022 08:18:58 PM Start with connect_to_endpoint()
05/04/2022 08:18:58 PM Starting new HTTPS connection (1): api.twitter.com:443
05/04/2022 08:18:59 PM https://api.twitter.com:443 "GET /2/tweets/search/all?query=WRCDF+lang%3Ade&start_time=2017-5-01T00%3A00%3A00.000Z&end_time=2017-5-31T00%3A00%3A00.000Z&max_results=500&expansions=author_id%2Cin_reply_to_user_id%2Cgeo.place_id&tweet.fields=id%2Ctext%2Cauthor_id%2Cin_reply_to_user_id%2Cgeo%2Cconversation_id%2Ccreated_at%2Clang%2Cpublic_metrics%2Creferenced_tweets%2Creply_settings%2Csource&user.fields=id%2Cname%2Cusername%2Ccreated_at%2Cdescription%2Cpublic_metrics%2Cverified HTTP/1.1" 200 53
05/04/2022 08:18:59 PM else condition: next_token is in json_response
05/04/2022 08:18:59 PM Set flag to False and next_token to None
05/04/2022 08:19:04 PM For Loop run: 16
05/04/2022 08:19:04 PM Start with WHILE loop.
05/04/2022 08:19:04 PM Start Token: None
05/04/2022 08:19:04 PM Start with create_url()
05/04/2022 08:19:04 PM Search URL: https://api.twitter.com/2/tweets/search/all
05/04/2022 08:19:04 PM Query Params: {'query': 'WRCDF lang:de', 'start_time': '2017-6-01T00:00:00.000Z', 'end_time': '2017-6-30T00:00:00.000Z', 'max_results': 500, 'expansions': 'author_id,in_reply_to_user_id,geo.place_id', 'tweet.fields': 'id,text,author_id,in_reply_to_user_id,geo,conversation_id,created_at,lang,public_metrics,referenced_tweets,reply_settings,source', 'user.fields': 'id,name,username,created_at,description,public_metrics,verified', 'next_token': {}}
05/04/2022 08:19:04 PM Start with connect_to_endpoint()
05/04/2022 08:19:04 PM Starting new HTTPS connection (1): api.twitter.com:443
05/04/2022 08:19:04 PM https://api.twitter.com:443 "GET /2/tweets/search/all?query=WRCDF+lang%3Ade&start_time=2017-6-01T00%3A00%3A00.000Z&end_time=2017-6-30T00%3A00%3A00.000Z&max_results=500&expansions=author_id%2Cin_reply_to_user_id%2Cgeo.place_id&tweet.fields=id%2Ctext%2Cauthor_id%2Cin_reply_to_user_id%2Cgeo%2Cconversation_id%2Ccreated_at%2Clang%2Cpublic_metrics%2Creferenced_tweets%2Creply_settings%2Csource&user.fields=id%2Cname%2Cusername%2Ccreated_at%2Cdescription%2Cpublic_metrics%2Cverified HTTP/1.1" 200 53
05/04/2022 08:19:04 PM else condition: next_token is in json_response
05/04/2022 08:19:04 PM Set flag to False and next_token to None
05/04/2022 08:19:09 PM For Loop run: 17
05/04/2022 08:19:09 PM Start with WHILE loop.
05/04/2022 08:19:09 PM Start Token: None
05/04/2022 08:19:09 PM Start with create_url()
05/04/2022 08:19:09 PM Search URL: https://api.twitter.com/2/tweets/search/all
05/04/2022 08:19:09 PM Query Params: {'query': 'WRCDF lang:de', 'start_time': '2017-7-01T00:00:00.000Z', 'end_time': '2017-7-31T00:00:00.000Z', 'max_results': 500, 'expansions': 'author_id,in_reply_to_user_id,geo.place_id', 'tweet.fields': 'id,text,author_id,in_reply_to_user_id,geo,conversation_id,created_at,lang,public_metrics,referenced_tweets,reply_settings,source', 'user.fields': 'id,name,username,created_at,description,public_metrics,verified', 'next_token': {}}
05/04/2022 08:19:09 PM Start with connect_to_endpoint()
05/04/2022 08:19:09 PM Starting new HTTPS connection (1): api.twitter.com:443
05/04/2022 08:19:09 PM https://api.twitter.com:443 "GET /2/tweets/search/all?query=WRCDF+lang%3Ade&start_time=2017-7-01T00%3A00%3A00.000Z&end_time=2017-7-31T00%3A00%3A00.000Z&max_results=500&expansions=author_id%2Cin_reply_to_user_id%2Cgeo.place_id&tweet.fields=id%2Ctext%2Cauthor_id%2Cin_reply_to_user_id%2Cgeo%2Cconversation_id%2Ccreated_at%2Clang%2Cpublic_metrics%2Creferenced_tweets%2Creply_settings%2Csource&user.fields=id%2Cname%2Cusername%2Ccreated_at%2Cdescription%2Cpublic_metrics%2Cverified HTTP/1.1" 200 53
05/04/2022 08:19:09 PM else condition: next_token is in json_response
05/04/2022 08:19:09 PM Set flag to False and next_token to None
05/04/2022 08:19:14 PM For Loop run: 18
05/04/2022 08:19:14 PM Start with WHILE loop.
05/04/2022 08:19:14 PM Start Token: None
05/04/2022 08:19:14 PM Start with create_url()
05/04/2022 08:19:14 PM Search URL: https://api.twitter.com/2/tweets/search/all
05/04/2022 08:19:14 PM Query Params: {'query': 'WRCDF lang:de', 'start_time': '2017-8-01T00:00:00.000Z', 'end_time': '2017-8-31T00:00:00.000Z', 'max_results': 500, 'expansions': 'author_id,in_reply_to_user_id,geo.place_id', 'tweet.fields': 'id,text,author_id,in_reply_to_user_id,geo,conversation_id,created_at,lang,public_metrics,referenced_tweets,reply_settings,source', 'user.fields': 'id,name,username,created_at,description,public_metrics,verified', 'next_token': {}}
05/04/2022 08:19:14 PM Start with connect_to_endpoint()
05/04/2022 08:19:14 PM Starting new HTTPS connection (1): api.twitter.com:443
05/04/2022 08:19:14 PM https://api.twitter.com:443 "GET /2/tweets/search/all?query=WRCDF+lang%3Ade&start_time=2017-8-01T00%3A00%3A00.000Z&end_time=2017-8-31T00%3A00%3A00.000Z&max_results=500&expansions=author_id%2Cin_reply_to_user_id%2Cgeo.place_id&tweet.fields=id%2Ctext%2Cauthor_id%2Cin_reply_to_user_id%2Cgeo%2Cconversation_id%2Ccreated_at%2Clang%2Cpublic_metrics%2Creferenced_tweets%2Creply_settings%2Csource&user.fields=id%2Cname%2Cusername%2Ccreated_at%2Cdescription%2Cpublic_metrics%2Cverified HTTP/1.1" 200 566
05/04/2022 08:19:14 PM else condition: next_token is in json_response
05/04/2022 08:19:14 PM result_count is not None and result_count > 0
05/04/2022 08:19:14 PM -------------------
05/04/2022 08:19:14 PM Start with : 2017-8-01T00:00:00.000Z
05/04/2022 08:19:14 PM append_to_csv is started wiht file data.csv
05/04/2022 08:19:14 PM append_to_csv is started wiht file user.csv
05/04/2022 08:19:14 PM Number of tweets: 5
05/04/2022 08:19:14 PM -------------------
05/04/2022 08:19:19 PM Set flag to False and next_token to None
05/04/2022 08:19:24 PM For Loop run: 19
05/04/2022 08:19:24 PM Start with WHILE loop.
05/04/2022 08:19:24 PM Start Token: None
05/04/2022 08:19:24 PM Start with create_url()
05/04/2022 08:19:24 PM Search URL: https://api.twitter.com/2/tweets/search/all
05/04/2022 08:19:24 PM Query Params: {'query': 'WRCDF lang:de', 'start_time': '2017-9-01T00:00:00.000Z', 'end_time': '2017-9-30T00:00:00.000Z', 'max_results': 500, 'expansions': 'author_id,in_reply_to_user_id,geo.place_id', 'tweet.fields': 'id,text,author_id,in_reply_to_user_id,geo,conversation_id,created_at,lang,public_metrics,referenced_tweets,reply_settings,source', 'user.fields': 'id,name,username,created_at,description,public_metrics,verified', 'next_token': {}}
05/04/2022 08:19:24 PM Start with connect_to_endpoint()
05/04/2022 08:19:24 PM Starting new HTTPS connection (1): api.twitter.com:443
05/04/2022 08:19:25 PM https://api.twitter.com:443 "GET /2/tweets/search/all?query=WRCDF+lang%3Ade&start_time=2017-9-01T00%3A00%3A00.000Z&end_time=2017-9-30T00%3A00%3A00.000Z&max_results=500&expansions=author_id%2Cin_reply_to_user_id%2Cgeo.place_id&tweet.fields=id%2Ctext%2Cauthor_id%2Cin_reply_to_user_id%2Cgeo%2Cconversation_id%2Ccreated_at%2Clang%2Cpublic_metrics%2Creferenced_tweets%2Creply_settings%2Csource&user.fields=id%2Cname%2Cusername%2Ccreated_at%2Cdescription%2Cpublic_metrics%2Cverified HTTP/1.1" 200 53
05/04/2022 08:19:25 PM else condition: next_token is in json_response
05/04/2022 08:19:25 PM Set flag to False and next_token to None
05/04/2022 08:19:30 PM For Loop run: 20
05/04/2022 08:19:30 PM Start with WHILE loop.
05/04/2022 08:19:30 PM Start Token: None
05/04/2022 08:19:30 PM Start with create_url()
05/04/2022 08:19:30 PM Search URL: https://api.twitter.com/2/tweets/search/all
05/04/2022 08:19:30 PM Query Params: {'query': 'WRCDF lang:de', 'start_time': '2017-10-01T00:00:00.000Z', 'end_time': '2017-10-31T00:00:00.000Z', 'max_results': 500, 'expansions': 'author_id,in_reply_to_user_id,geo.place_id', 'tweet.fields': 'id,text,author_id,in_reply_to_user_id,geo,conversation_id,created_at,lang,public_metrics,referenced_tweets,reply_settings,source', 'user.fields': 'id,name,username,created_at,description,public_metrics,verified', 'next_token': {}}
05/04/2022 08:19:30 PM Start with connect_to_endpoint()
05/04/2022 08:19:30 PM Starting new HTTPS connection (1): api.twitter.com:443
05/04/2022 08:19:30 PM https://api.twitter.com:443 "GET /2/tweets/search/all?query=WRCDF+lang%3Ade&start_time=2017-10-01T00%3A00%3A00.000Z&end_time=2017-10-31T00%3A00%3A00.000Z&max_results=500&expansions=author_id%2Cin_reply_to_user_id%2Cgeo.place_id&tweet.fields=id%2Ctext%2Cauthor_id%2Cin_reply_to_user_id%2Cgeo%2Cconversation_id%2Ccreated_at%2Clang%2Cpublic_metrics%2Creferenced_tweets%2Creply_settings%2Csource&user.fields=id%2Cname%2Cusername%2Ccreated_at%2Cdescription%2Cpublic_metrics%2Cverified HTTP/1.1" 200 53
05/04/2022 08:19:30 PM else condition: next_token is in json_response
05/04/2022 08:19:30 PM Set flag to False and next_token to None
05/04/2022 08:19:35 PM For Loop run: 21
05/04/2022 08:19:35 PM Start with WHILE loop.
05/04/2022 08:19:35 PM Start Token: None
05/04/2022 08:19:35 PM Start with create_url()
05/04/2022 08:19:35 PM Search URL: https://api.twitter.com/2/tweets/search/all
05/04/2022 08:19:35 PM Query Params: {'query': 'WRCDF lang:de', 'start_time': '2017-11-01T00:00:00.000Z', 'end_time': '2017-11-30T00:00:00.000Z', 'max_results': 500, 'expansions': 'author_id,in_reply_to_user_id,geo.place_id', 'tweet.fields': 'id,text,author_id,in_reply_to_user_id,geo,conversation_id,created_at,lang,public_metrics,referenced_tweets,reply_settings,source', 'user.fields': 'id,name,username,created_at,description,public_metrics,verified', 'next_token': {}}
05/04/2022 08:19:35 PM Start with connect_to_endpoint()
05/04/2022 08:19:35 PM Starting new HTTPS connection (1): api.twitter.com:443
05/04/2022 08:19:35 PM https://api.twitter.com:443 "GET /2/tweets/search/all?query=WRCDF+lang%3Ade&start_time=2017-11-01T00%3A00%3A00.000Z&end_time=2017-11-30T00%3A00%3A00.000Z&max_results=500&expansions=author_id%2Cin_reply_to_user_id%2Cgeo.place_id&tweet.fields=id%2Ctext%2Cauthor_id%2Cin_reply_to_user_id%2Cgeo%2Cconversation_id%2Ccreated_at%2Clang%2Cpublic_metrics%2Creferenced_tweets%2Creply_settings%2Csource&user.fields=id%2Cname%2Cusername%2Ccreated_at%2Cdescription%2Cpublic_metrics%2Cverified HTTP/1.1" 200 53
05/04/2022 08:19:35 PM else condition: next_token is in json_response
05/04/2022 08:19:35 PM Set flag to False and next_token to None
05/04/2022 08:19:40 PM For Loop run: 22
05/04/2022 08:19:40 PM Start with WHILE loop.
05/04/2022 08:19:40 PM Start Token: None
05/04/2022 08:19:40 PM Start with create_url()
05/04/2022 08:19:40 PM Search URL: https://api.twitter.com/2/tweets/search/all
05/04/2022 08:19:40 PM Query Params: {'query': 'WRCDF lang:de', 'start_time': '2017-12-01T00:00:00.000Z', 'end_time': '2017-12-31T00:00:00.000Z', 'max_results': 500, 'expansions': 'author_id,in_reply_to_user_id,geo.place_id', 'tweet.fields': 'id,text,author_id,in_reply_to_user_id,geo,conversation_id,created_at,lang,public_metrics,referenced_tweets,reply_settings,source', 'user.fields': 'id,name,username,created_at,description,public_metrics,verified', 'next_token': {}}
05/04/2022 08:19:40 PM Start with connect_to_endpoint()
05/04/2022 08:19:40 PM Starting new HTTPS connection (1): api.twitter.com:443
05/04/2022 08:19:40 PM https://api.twitter.com:443 "GET /2/tweets/search/all?query=WRCDF+lang%3Ade&start_time=2017-12-01T00%3A00%3A00.000Z&end_time=2017-12-31T00%3A00%3A00.000Z&max_results=500&expansions=author_id%2Cin_reply_to_user_id%2Cgeo.place_id&tweet.fields=id%2Ctext%2Cauthor_id%2Cin_reply_to_user_id%2Cgeo%2Cconversation_id%2Ccreated_at%2Clang%2Cpublic_metrics%2Creferenced_tweets%2Creply_settings%2Csource&user.fields=id%2Cname%2Cusername%2Ccreated_at%2Cdescription%2Cpublic_metrics%2Cverified HTTP/1.1" 200 53
05/04/2022 08:19:40 PM else condition: next_token is in json_response
05/04/2022 08:19:40 PM Set flag to False and next_token to None
05/04/2022 08:19:45 PM For Loop run: 23
05/04/2022 08:19:45 PM Start with WHILE loop.
05/04/2022 08:19:45 PM Start Token: None
05/04/2022 08:19:45 PM Start with create_url()
05/04/2022 08:19:45 PM Search URL: https://api.twitter.com/2/tweets/search/all
05/04/2022 08:19:45 PM Query Params: {'query': 'WRCDF lang:de', 'start_time': '2018-1-01T00:00:00.000Z', 'end_time': '2018-1-31T00:00:00.000Z', 'max_results': 500, 'expansions': 'author_id,in_reply_to_user_id,geo.place_id', 'tweet.fields': 'id,text,author_id,in_reply_to_user_id,geo,conversation_id,created_at,lang,public_metrics,referenced_tweets,reply_settings,source', 'user.fields': 'id,name,username,created_at,description,public_metrics,verified', 'next_token': {}}
05/04/2022 08:19:45 PM Start with connect_to_endpoint()
05/04/2022 08:19:45 PM Starting new HTTPS connection (1): api.twitter.com:443
05/04/2022 08:19:46 PM https://api.twitter.com:443 "GET /2/tweets/search/all?query=WRCDF+lang%3Ade&start_time=2018-1-01T00%3A00%3A00.000Z&end_time=2018-1-31T00%3A00%3A00.000Z&max_results=500&expansions=author_id%2Cin_reply_to_user_id%2Cgeo.place_id&tweet.fields=id%2Ctext%2Cauthor_id%2Cin_reply_to_user_id%2Cgeo%2Cconversation_id%2Ccreated_at%2Clang%2Cpublic_metrics%2Creferenced_tweets%2Creply_settings%2Csource&user.fields=id%2Cname%2Cusername%2Ccreated_at%2Cdescription%2Cpublic_metrics%2Cverified HTTP/1.1" 200 617
05/04/2022 08:19:46 PM else condition: next_token is in json_response
05/04/2022 08:19:46 PM result_count is not None and result_count > 0
05/04/2022 08:19:46 PM -------------------
05/04/2022 08:19:46 PM Start with : 2018-1-01T00:00:00.000Z
05/04/2022 08:19:46 PM append_to_csv is started wiht file data.csv
05/04/2022 08:19:46 PM append_to_csv is started wiht file user.csv
05/04/2022 08:19:46 PM Number of tweets: 6
05/04/2022 08:19:46 PM -------------------
05/04/2022 08:19:51 PM Set flag to False and next_token to None
05/04/2022 08:19:56 PM For Loop run: 24
05/04/2022 08:19:56 PM Start with WHILE loop.
05/04/2022 08:19:56 PM Start Token: None
05/04/2022 08:19:56 PM Start with create_url()
05/04/2022 08:19:56 PM Search URL: https://api.twitter.com/2/tweets/search/all
05/04/2022 08:19:56 PM Query Params: {'query': 'WRCDF lang:de', 'start_time': '2018-2-01T00:00:00.000Z', 'end_time': '2018-2-28T00:00:00.000Z', 'max_results': 500, 'expansions': 'author_id,in_reply_to_user_id,geo.place_id', 'tweet.fields': 'id,text,author_id,in_reply_to_user_id,geo,conversation_id,created_at,lang,public_metrics,referenced_tweets,reply_settings,source', 'user.fields': 'id,name,username,created_at,description,public_metrics,verified', 'next_token': {}}
05/04/2022 08:19:56 PM Start with connect_to_endpoint()
05/04/2022 08:19:56 PM Starting new HTTPS connection (1): api.twitter.com:443
05/04/2022 08:19:56 PM https://api.twitter.com:443 "GET /2/tweets/search/all?query=WRCDF+lang%3Ade&start_time=2018-2-01T00%3A00%3A00.000Z&end_time=2018-2-28T00%3A00%3A00.000Z&max_results=500&expansions=author_id%2Cin_reply_to_user_id%2Cgeo.place_id&tweet.fields=id%2Ctext%2Cauthor_id%2Cin_reply_to_user_id%2Cgeo%2Cconversation_id%2Ccreated_at%2Clang%2Cpublic_metrics%2Creferenced_tweets%2Creply_settings%2Csource&user.fields=id%2Cname%2Cusername%2Ccreated_at%2Cdescription%2Cpublic_metrics%2Cverified HTTP/1.1" 200 646
05/04/2022 08:19:56 PM else condition: next_token is in json_response
05/04/2022 08:19:56 PM result_count is not None and result_count > 0
05/04/2022 08:19:56 PM -------------------
05/04/2022 08:19:56 PM Start with : 2018-2-01T00:00:00.000Z
05/04/2022 08:19:56 PM append_to_csv is started wiht file data.csv
05/04/2022 08:19:56 PM append_to_csv is started wiht file user.csv
05/04/2022 08:19:56 PM Number of tweets: 7
05/04/2022 08:19:56 PM -------------------
05/04/2022 08:20:01 PM Set flag to False and next_token to None
05/04/2022 08:20:06 PM For Loop run: 25
05/04/2022 08:20:06 PM Start with WHILE loop.
05/04/2022 08:20:06 PM Start Token: None
05/04/2022 08:20:06 PM Start with create_url()
05/04/2022 08:20:06 PM Search URL: https://api.twitter.com/2/tweets/search/all
05/04/2022 08:20:06 PM Query Params: {'query': 'WRCDF lang:de', 'start_time': '2018-3-01T00:00:00.000Z', 'end_time': '2018-3-31T00:00:00.000Z', 'max_results': 500, 'expansions': 'author_id,in_reply_to_user_id,geo.place_id', 'tweet.fields': 'id,text,author_id,in_reply_to_user_id,geo,conversation_id,created_at,lang,public_metrics,referenced_tweets,reply_settings,source', 'user.fields': 'id,name,username,created_at,description,public_metrics,verified', 'next_token': {}}
05/04/2022 08:20:06 PM Start with connect_to_endpoint()
05/04/2022 08:20:06 PM Starting new HTTPS connection (1): api.twitter.com:443
05/04/2022 08:20:06 PM https://api.twitter.com:443 "GET /2/tweets/search/all?query=WRCDF+lang%3Ade&start_time=2018-3-01T00%3A00%3A00.000Z&end_time=2018-3-31T00%3A00%3A00.000Z&max_results=500&expansions=author_id%2Cin_reply_to_user_id%2Cgeo.place_id&tweet.fields=id%2Ctext%2Cauthor_id%2Cin_reply_to_user_id%2Cgeo%2Cconversation_id%2Ccreated_at%2Clang%2Cpublic_metrics%2Creferenced_tweets%2Creply_settings%2Csource&user.fields=id%2Cname%2Cusername%2Ccreated_at%2Cdescription%2Cpublic_metrics%2Cverified HTTP/1.1" 200 53
05/04/2022 08:20:06 PM else condition: next_token is in json_response
05/04/2022 08:20:06 PM Set flag to False and next_token to None
05/04/2022 08:20:11 PM For Loop run: 26
05/04/2022 08:20:11 PM Start with WHILE loop.
05/04/2022 08:20:11 PM Start Token: None
05/04/2022 08:20:11 PM Start with create_url()
05/04/2022 08:20:11 PM Search URL: https://api.twitter.com/2/tweets/search/all
05/04/2022 08:20:11 PM Query Params: {'query': 'WRCDF lang:de', 'start_time': '2018-4-01T00:00:00.000Z', 'end_time': '2018-4-30T00:00:00.000Z', 'max_results': 500, 'expansions': 'author_id,in_reply_to_user_id,geo.place_id', 'tweet.fields': 'id,text,author_id,in_reply_to_user_id,geo,conversation_id,created_at,lang,public_metrics,referenced_tweets,reply_settings,source', 'user.fields': 'id,name,username,created_at,description,public_metrics,verified', 'next_token': {}}
05/04/2022 08:20:11 PM Start with connect_to_endpoint()
05/04/2022 08:20:11 PM Starting new HTTPS connection (1): api.twitter.com:443
05/04/2022 08:20:12 PM https://api.twitter.com:443 "GET /2/tweets/search/all?query=WRCDF+lang%3Ade&start_time=2018-4-01T00%3A00%3A00.000Z&end_time=2018-4-30T00%3A00%3A00.000Z&max_results=500&expansions=author_id%2Cin_reply_to_user_id%2Cgeo.place_id&tweet.fields=id%2Ctext%2Cauthor_id%2Cin_reply_to_user_id%2Cgeo%2Cconversation_id%2Ccreated_at%2Clang%2Cpublic_metrics%2Creferenced_tweets%2Creply_settings%2Csource&user.fields=id%2Cname%2Cusername%2Ccreated_at%2Cdescription%2Cpublic_metrics%2Cverified HTTP/1.1" 200 777
05/04/2022 08:20:12 PM else condition: next_token is in json_response
05/04/2022 08:20:12 PM result_count is not None and result_count > 0
05/04/2022 08:20:12 PM -------------------
05/04/2022 08:20:12 PM Start with : 2018-4-01T00:00:00.000Z
05/04/2022 08:20:12 PM append_to_csv is started wiht file data.csv
05/04/2022 08:20:12 PM append_to_csv is started wiht file user.csv
05/04/2022 08:20:12 PM Number of tweets: 9
05/04/2022 08:20:12 PM -------------------
05/04/2022 08:20:17 PM Set flag to False and next_token to None
05/04/2022 08:20:22 PM For Loop run: 27
05/04/2022 08:20:22 PM Start with WHILE loop.
05/04/2022 08:20:22 PM Start Token: None
05/04/2022 08:20:22 PM Start with create_url()
05/04/2022 08:20:22 PM Search URL: https://api.twitter.com/2/tweets/search/all
05/04/2022 08:20:22 PM Query Params: {'query': 'WRCDF lang:de', 'start_time': '2018-5-01T00:00:00.000Z', 'end_time': '2018-5-31T00:00:00.000Z', 'max_results': 500, 'expansions': 'author_id,in_reply_to_user_id,geo.place_id', 'tweet.fields': 'id,text,author_id,in_reply_to_user_id,geo,conversation_id,created_at,lang,public_metrics,referenced_tweets,reply_settings,source', 'user.fields': 'id,name,username,created_at,description,public_metrics,verified', 'next_token': {}}
05/04/2022 08:20:22 PM Start with connect_to_endpoint()
05/04/2022 08:20:22 PM Starting new HTTPS connection (1): api.twitter.com:443
05/04/2022 08:20:22 PM https://api.twitter.com:443 "GET /2/tweets/search/all?query=WRCDF+lang%3Ade&start_time=2018-5-01T00%3A00%3A00.000Z&end_time=2018-5-31T00%3A00%3A00.000Z&max_results=500&expansions=author_id%2Cin_reply_to_user_id%2Cgeo.place_id&tweet.fields=id%2Ctext%2Cauthor_id%2Cin_reply_to_user_id%2Cgeo%2Cconversation_id%2Ccreated_at%2Clang%2Cpublic_metrics%2Creferenced_tweets%2Creply_settings%2Csource&user.fields=id%2Cname%2Cusername%2Ccreated_at%2Cdescription%2Cpublic_metrics%2Cverified HTTP/1.1" 200 814
05/04/2022 08:20:22 PM else condition: next_token is in json_response
05/04/2022 08:20:22 PM result_count is not None and result_count > 0
05/04/2022 08:20:22 PM -------------------
05/04/2022 08:20:22 PM Start with : 2018-5-01T00:00:00.000Z
05/04/2022 08:20:22 PM append_to_csv is started wiht file data.csv
05/04/2022 08:20:22 PM append_to_csv is started wiht file user.csv
05/04/2022 08:20:22 PM Number of tweets: 12
05/04/2022 08:20:22 PM -------------------
05/04/2022 08:20:27 PM Set flag to False and next_token to None
05/04/2022 08:20:32 PM For Loop run: 28
05/04/2022 08:20:32 PM Start with WHILE loop.
05/04/2022 08:20:32 PM Start Token: None
05/04/2022 08:20:32 PM Start with create_url()
05/04/2022 08:20:32 PM Search URL: https://api.twitter.com/2/tweets/search/all
05/04/2022 08:20:32 PM Query Params: {'query': 'WRCDF lang:de', 'start_time': '2018-6-01T00:00:00.000Z', 'end_time': '2018-6-30T00:00:00.000Z', 'max_results': 500, 'expansions': 'author_id,in_reply_to_user_id,geo.place_id', 'tweet.fields': 'id,text,author_id,in_reply_to_user_id,geo,conversation_id,created_at,lang,public_metrics,referenced_tweets,reply_settings,source', 'user.fields': 'id,name,username,created_at,description,public_metrics,verified', 'next_token': {}}
05/04/2022 08:20:32 PM Start with connect_to_endpoint()
05/04/2022 08:20:32 PM Starting new HTTPS connection (1): api.twitter.com:443
05/04/2022 08:20:32 PM https://api.twitter.com:443 "GET /2/tweets/search/all?query=WRCDF+lang%3Ade&start_time=2018-6-01T00%3A00%3A00.000Z&end_time=2018-6-30T00%3A00%3A00.000Z&max_results=500&expansions=author_id%2Cin_reply_to_user_id%2Cgeo.place_id&tweet.fields=id%2Ctext%2Cauthor_id%2Cin_reply_to_user_id%2Cgeo%2Cconversation_id%2Ccreated_at%2Clang%2Cpublic_metrics%2Creferenced_tweets%2Creply_settings%2Csource&user.fields=id%2Cname%2Cusername%2Ccreated_at%2Cdescription%2Cpublic_metrics%2Cverified HTTP/1.1" 200 53
05/04/2022 08:20:32 PM else condition: next_token is in json_response
05/04/2022 08:20:32 PM Set flag to False and next_token to None
05/04/2022 08:20:37 PM For Loop run: 29
05/04/2022 08:20:37 PM Start with WHILE loop.
05/04/2022 08:20:37 PM Start Token: None
05/04/2022 08:20:37 PM Start with create_url()
05/04/2022 08:20:37 PM Search URL: https://api.twitter.com/2/tweets/search/all
05/04/2022 08:20:37 PM Query Params: {'query': 'WRCDF lang:de', 'start_time': '2018-7-01T00:00:00.000Z', 'end_time': '2018-7-31T00:00:00.000Z', 'max_results': 500, 'expansions': 'author_id,in_reply_to_user_id,geo.place_id', 'tweet.fields': 'id,text,author_id,in_reply_to_user_id,geo,conversation_id,created_at,lang,public_metrics,referenced_tweets,reply_settings,source', 'user.fields': 'id,name,username,created_at,description,public_metrics,verified', 'next_token': {}}
05/04/2022 08:20:37 PM Start with connect_to_endpoint()
05/04/2022 08:20:37 PM Starting new HTTPS connection (1): api.twitter.com:443
05/04/2022 08:20:38 PM https://api.twitter.com:443 "GET /2/tweets/search/all?query=WRCDF+lang%3Ade&start_time=2018-7-01T00%3A00%3A00.000Z&end_time=2018-7-31T00%3A00%3A00.000Z&max_results=500&expansions=author_id%2Cin_reply_to_user_id%2Cgeo.place_id&tweet.fields=id%2Ctext%2Cauthor_id%2Cin_reply_to_user_id%2Cgeo%2Cconversation_id%2Ccreated_at%2Clang%2Cpublic_metrics%2Creferenced_tweets%2Creply_settings%2Csource&user.fields=id%2Cname%2Cusername%2Ccreated_at%2Cdescription%2Cpublic_metrics%2Cverified HTTP/1.1" 200 53
05/04/2022 08:20:38 PM else condition: next_token is in json_response
05/04/2022 08:20:38 PM Set flag to False and next_token to None
05/04/2022 08:20:43 PM For Loop run: 30
05/04/2022 08:20:43 PM Start with WHILE loop.
05/04/2022 08:20:43 PM Start Token: None
05/04/2022 08:20:43 PM Start with create_url()
05/04/2022 08:20:43 PM Search URL: https://api.twitter.com/2/tweets/search/all
05/04/2022 08:20:43 PM Query Params: {'query': 'WRCDF lang:de', 'start_time': '2018-8-01T00:00:00.000Z', 'end_time': '2018-8-31T00:00:00.000Z', 'max_results': 500, 'expansions': 'author_id,in_reply_to_user_id,geo.place_id', 'tweet.fields': 'id,text,author_id,in_reply_to_user_id,geo,conversation_id,created_at,lang,public_metrics,referenced_tweets,reply_settings,source', 'user.fields': 'id,name,username,created_at,description,public_metrics,verified', 'next_token': {}}
05/04/2022 08:20:43 PM Start with connect_to_endpoint()
05/04/2022 08:20:43 PM Starting new HTTPS connection (1): api.twitter.com:443
05/04/2022 08:20:43 PM https://api.twitter.com:443 "GET /2/tweets/search/all?query=WRCDF+lang%3Ade&start_time=2018-8-01T00%3A00%3A00.000Z&end_time=2018-8-31T00%3A00%3A00.000Z&max_results=500&expansions=author_id%2Cin_reply_to_user_id%2Cgeo.place_id&tweet.fields=id%2Ctext%2Cauthor_id%2Cin_reply_to_user_id%2Cgeo%2Cconversation_id%2Ccreated_at%2Clang%2Cpublic_metrics%2Creferenced_tweets%2Creply_settings%2Csource&user.fields=id%2Cname%2Cusername%2Ccreated_at%2Cdescription%2Cpublic_metrics%2Cverified HTTP/1.1" 200 1262
05/04/2022 08:20:43 PM else condition: next_token is in json_response
05/04/2022 08:20:43 PM result_count is not None and result_count > 0
05/04/2022 08:20:43 PM -------------------
05/04/2022 08:20:43 PM Start with : 2018-8-01T00:00:00.000Z
05/04/2022 08:20:43 PM append_to_csv is started wiht file data.csv
05/04/2022 08:20:43 PM append_to_csv is started wiht file user.csv
05/04/2022 08:20:43 PM Number of tweets: 17
05/04/2022 08:20:43 PM -------------------
05/04/2022 08:20:48 PM Set flag to False and next_token to None
05/04/2022 08:20:53 PM For Loop run: 31
05/04/2022 08:20:53 PM Start with WHILE loop.
05/04/2022 08:20:53 PM Start Token: None
05/04/2022 08:20:53 PM Start with create_url()
05/04/2022 08:20:53 PM Search URL: https://api.twitter.com/2/tweets/search/all
05/04/2022 08:20:53 PM Query Params: {'query': 'WRCDF lang:de', 'start_time': '2018-9-01T00:00:00.000Z', 'end_time': '2018-9-30T00:00:00.000Z', 'max_results': 500, 'expansions': 'author_id,in_reply_to_user_id,geo.place_id', 'tweet.fields': 'id,text,author_id,in_reply_to_user_id,geo,conversation_id,created_at,lang,public_metrics,referenced_tweets,reply_settings,source', 'user.fields': 'id,name,username,created_at,description,public_metrics,verified', 'next_token': {}}
05/04/2022 08:20:53 PM Start with connect_to_endpoint()
05/04/2022 08:20:53 PM Starting new HTTPS connection (1): api.twitter.com:443
05/04/2022 08:20:53 PM https://api.twitter.com:443 "GET /2/tweets/search/all?query=WRCDF+lang%3Ade&start_time=2018-9-01T00%3A00%3A00.000Z&end_time=2018-9-30T00%3A00%3A00.000Z&max_results=500&expansions=author_id%2Cin_reply_to_user_id%2Cgeo.place_id&tweet.fields=id%2Ctext%2Cauthor_id%2Cin_reply_to_user_id%2Cgeo%2Cconversation_id%2Ccreated_at%2Clang%2Cpublic_metrics%2Creferenced_tweets%2Creply_settings%2Csource&user.fields=id%2Cname%2Cusername%2Ccreated_at%2Cdescription%2Cpublic_metrics%2Cverified HTTP/1.1" 200 53
05/04/2022 08:20:53 PM else condition: next_token is in json_response
05/04/2022 08:20:53 PM Set flag to False and next_token to None
05/04/2022 08:20:58 PM For Loop run: 32
05/04/2022 08:20:58 PM Start with WHILE loop.
05/04/2022 08:20:58 PM Start Token: None
05/04/2022 08:20:58 PM Start with create_url()
05/04/2022 08:20:58 PM Search URL: https://api.twitter.com/2/tweets/search/all
05/04/2022 08:20:58 PM Query Params: {'query': 'WRCDF lang:de', 'start_time': '2018-10-01T00:00:00.000Z', 'end_time': '2018-10-31T00:00:00.000Z', 'max_results': 500, 'expansions': 'author_id,in_reply_to_user_id,geo.place_id', 'tweet.fields': 'id,text,author_id,in_reply_to_user_id,geo,conversation_id,created_at,lang,public_metrics,referenced_tweets,reply_settings,source', 'user.fields': 'id,name,username,created_at,description,public_metrics,verified', 'next_token': {}}
05/04/2022 08:20:58 PM Start with connect_to_endpoint()
05/04/2022 08:20:58 PM Starting new HTTPS connection (1): api.twitter.com:443
05/04/2022 08:20:58 PM https://api.twitter.com:443 "GET /2/tweets/search/all?query=WRCDF+lang%3Ade&start_time=2018-10-01T00%3A00%3A00.000Z&end_time=2018-10-31T00%3A00%3A00.000Z&max_results=500&expansions=author_id%2Cin_reply_to_user_id%2Cgeo.place_id&tweet.fields=id%2Ctext%2Cauthor_id%2Cin_reply_to_user_id%2Cgeo%2Cconversation_id%2Ccreated_at%2Clang%2Cpublic_metrics%2Creferenced_tweets%2Creply_settings%2Csource&user.fields=id%2Cname%2Cusername%2Ccreated_at%2Cdescription%2Cpublic_metrics%2Cverified HTTP/1.1" 200 53
05/04/2022 08:20:59 PM else condition: next_token is in json_response
05/04/2022 08:20:59 PM Set flag to False and next_token to None
05/04/2022 08:21:04 PM For Loop run: 33
05/04/2022 08:21:04 PM Start with WHILE loop.
05/04/2022 08:21:04 PM Start Token: None
05/04/2022 08:21:04 PM Start with create_url()
05/04/2022 08:21:04 PM Search URL: https://api.twitter.com/2/tweets/search/all
05/04/2022 08:21:04 PM Query Params: {'query': 'WRCDF lang:de', 'start_time': '2018-11-01T00:00:00.000Z', 'end_time': '2018-11-30T00:00:00.000Z', 'max_results': 500, 'expansions': 'author_id,in_reply_to_user_id,geo.place_id', 'tweet.fields': 'id,text,author_id,in_reply_to_user_id,geo,conversation_id,created_at,lang,public_metrics,referenced_tweets,reply_settings,source', 'user.fields': 'id,name,username,created_at,description,public_metrics,verified', 'next_token': {}}
05/04/2022 08:21:04 PM Start with connect_to_endpoint()
05/04/2022 08:21:04 PM Starting new HTTPS connection (1): api.twitter.com:443
05/04/2022 08:21:04 PM https://api.twitter.com:443 "GET /2/tweets/search/all?query=WRCDF+lang%3Ade&start_time=2018-11-01T00%3A00%3A00.000Z&end_time=2018-11-30T00%3A00%3A00.000Z&max_results=500&expansions=author_id%2Cin_reply_to_user_id%2Cgeo.place_id&tweet.fields=id%2Ctext%2Cauthor_id%2Cin_reply_to_user_id%2Cgeo%2Cconversation_id%2Ccreated_at%2Clang%2Cpublic_metrics%2Creferenced_tweets%2Creply_settings%2Csource&user.fields=id%2Cname%2Cusername%2Ccreated_at%2Cdescription%2Cpublic_metrics%2Cverified HTTP/1.1" 200 53
05/04/2022 08:21:04 PM else condition: next_token is in json_response
05/04/2022 08:21:04 PM Set flag to False and next_token to None
05/04/2022 08:21:09 PM For Loop run: 34
05/04/2022 08:21:09 PM Start with WHILE loop.
05/04/2022 08:21:09 PM Start Token: None
05/04/2022 08:21:09 PM Start with create_url()
05/04/2022 08:21:09 PM Search URL: https://api.twitter.com/2/tweets/search/all
05/04/2022 08:21:09 PM Query Params: {'query': 'WRCDF lang:de', 'start_time': '2018-12-01T00:00:00.000Z', 'end_time': '2018-12-31T00:00:00.000Z', 'max_results': 500, 'expansions': 'author_id,in_reply_to_user_id,geo.place_id', 'tweet.fields': 'id,text,author_id,in_reply_to_user_id,geo,conversation_id,created_at,lang,public_metrics,referenced_tweets,reply_settings,source', 'user.fields': 'id,name,username,created_at,description,public_metrics,verified', 'next_token': {}}
05/04/2022 08:21:09 PM Start with connect_to_endpoint()
05/04/2022 08:21:09 PM Starting new HTTPS connection (1): api.twitter.com:443
05/04/2022 08:21:09 PM https://api.twitter.com:443 "GET /2/tweets/search/all?query=WRCDF+lang%3Ade&start_time=2018-12-01T00%3A00%3A00.000Z&end_time=2018-12-31T00%3A00%3A00.000Z&max_results=500&expansions=author_id%2Cin_reply_to_user_id%2Cgeo.place_id&tweet.fields=id%2Ctext%2Cauthor_id%2Cin_reply_to_user_id%2Cgeo%2Cconversation_id%2Ccreated_at%2Clang%2Cpublic_metrics%2Creferenced_tweets%2Creply_settings%2Csource&user.fields=id%2Cname%2Cusername%2Ccreated_at%2Cdescription%2Cpublic_metrics%2Cverified HTTP/1.1" 200 53
05/04/2022 08:21:09 PM else condition: next_token is in json_response
05/04/2022 08:21:09 PM Set flag to False and next_token to None
05/04/2022 08:21:14 PM For Loop run: 35
05/04/2022 08:21:14 PM Start with WHILE loop.
05/04/2022 08:21:14 PM Start Token: None
05/04/2022 08:21:14 PM Start with create_url()
05/04/2022 08:21:14 PM Search URL: https://api.twitter.com/2/tweets/search/all
05/04/2022 08:21:14 PM Query Params: {'query': 'WRCDF lang:de', 'start_time': '2019-1-01T00:00:00.000Z', 'end_time': '2019-1-31T00:00:00.000Z', 'max_results': 500, 'expansions': 'author_id,in_reply_to_user_id,geo.place_id', 'tweet.fields': 'id,text,author_id,in_reply_to_user_id,geo,conversation_id,created_at,lang,public_metrics,referenced_tweets,reply_settings,source', 'user.fields': 'id,name,username,created_at,description,public_metrics,verified', 'next_token': {}}
05/04/2022 08:21:14 PM Start with connect_to_endpoint()
05/04/2022 08:21:14 PM Starting new HTTPS connection (1): api.twitter.com:443
05/04/2022 08:21:14 PM https://api.twitter.com:443 "GET /2/tweets/search/all?query=WRCDF+lang%3Ade&start_time=2019-1-01T00%3A00%3A00.000Z&end_time=2019-1-31T00%3A00%3A00.000Z&max_results=500&expansions=author_id%2Cin_reply_to_user_id%2Cgeo.place_id&tweet.fields=id%2Ctext%2Cauthor_id%2Cin_reply_to_user_id%2Cgeo%2Cconversation_id%2Ccreated_at%2Clang%2Cpublic_metrics%2Creferenced_tweets%2Creply_settings%2Csource&user.fields=id%2Cname%2Cusername%2Ccreated_at%2Cdescription%2Cpublic_metrics%2Cverified HTTP/1.1" 200 53
05/04/2022 08:21:14 PM else condition: next_token is in json_response
05/04/2022 08:21:14 PM Set flag to False and next_token to None
05/04/2022 08:21:19 PM For Loop run: 36
05/04/2022 08:21:19 PM Start with WHILE loop.
05/04/2022 08:21:19 PM Start Token: None
05/04/2022 08:21:19 PM Start with create_url()
05/04/2022 08:21:19 PM Search URL: https://api.twitter.com/2/tweets/search/all
05/04/2022 08:21:19 PM Query Params: {'query': 'WRCDF lang:de', 'start_time': '2019-2-01T00:00:00.000Z', 'end_time': '2019-2-28T00:00:00.000Z', 'max_results': 500, 'expansions': 'author_id,in_reply_to_user_id,geo.place_id', 'tweet.fields': 'id,text,author_id,in_reply_to_user_id,geo,conversation_id,created_at,lang,public_metrics,referenced_tweets,reply_settings,source', 'user.fields': 'id,name,username,created_at,description,public_metrics,verified', 'next_token': {}}
05/04/2022 08:21:19 PM Start with connect_to_endpoint()
05/04/2022 08:21:19 PM Starting new HTTPS connection (1): api.twitter.com:443
05/04/2022 08:21:20 PM https://api.twitter.com:443 "GET /2/tweets/search/all?query=WRCDF+lang%3Ade&start_time=2019-2-01T00%3A00%3A00.000Z&end_time=2019-2-28T00%3A00%3A00.000Z&max_results=500&expansions=author_id%2Cin_reply_to_user_id%2Cgeo.place_id&tweet.fields=id%2Ctext%2Cauthor_id%2Cin_reply_to_user_id%2Cgeo%2Cconversation_id%2Ccreated_at%2Clang%2Cpublic_metrics%2Creferenced_tweets%2Creply_settings%2Csource&user.fields=id%2Cname%2Cusername%2Ccreated_at%2Cdescription%2Cpublic_metrics%2Cverified HTTP/1.1" 200 53
05/04/2022 08:21:20 PM else condition: next_token is in json_response
05/04/2022 08:21:20 PM Set flag to False and next_token to None
05/04/2022 08:21:25 PM For Loop run: 37
05/04/2022 08:21:25 PM Start with WHILE loop.
05/04/2022 08:21:25 PM Start Token: None
05/04/2022 08:21:25 PM Start with create_url()
05/04/2022 08:21:25 PM Search URL: https://api.twitter.com/2/tweets/search/all
05/04/2022 08:21:25 PM Query Params: {'query': 'WRCDF lang:de', 'start_time': '2019-3-01T00:00:00.000Z', 'end_time': '2019-3-31T00:00:00.000Z', 'max_results': 500, 'expansions': 'author_id,in_reply_to_user_id,geo.place_id', 'tweet.fields': 'id,text,author_id,in_reply_to_user_id,geo,conversation_id,created_at,lang,public_metrics,referenced_tweets,reply_settings,source', 'user.fields': 'id,name,username,created_at,description,public_metrics,verified', 'next_token': {}}
05/04/2022 08:21:25 PM Start with connect_to_endpoint()
05/04/2022 08:21:25 PM Starting new HTTPS connection (1): api.twitter.com:443
05/04/2022 08:21:25 PM https://api.twitter.com:443 "GET /2/tweets/search/all?query=WRCDF+lang%3Ade&start_time=2019-3-01T00%3A00%3A00.000Z&end_time=2019-3-31T00%3A00%3A00.000Z&max_results=500&expansions=author_id%2Cin_reply_to_user_id%2Cgeo.place_id&tweet.fields=id%2Ctext%2Cauthor_id%2Cin_reply_to_user_id%2Cgeo%2Cconversation_id%2Ccreated_at%2Clang%2Cpublic_metrics%2Creferenced_tweets%2Creply_settings%2Csource&user.fields=id%2Cname%2Cusername%2Ccreated_at%2Cdescription%2Cpublic_metrics%2Cverified HTTP/1.1" 200 53
05/04/2022 08:21:25 PM else condition: next_token is in json_response
05/04/2022 08:21:25 PM Set flag to False and next_token to None
05/04/2022 08:21:30 PM For Loop run: 38
05/04/2022 08:21:30 PM Start with WHILE loop.
05/04/2022 08:21:30 PM Start Token: None
05/04/2022 08:21:30 PM Start with create_url()
05/04/2022 08:21:30 PM Search URL: https://api.twitter.com/2/tweets/search/all
05/04/2022 08:21:30 PM Query Params: {'query': 'WRCDF lang:de', 'start_time': '2019-4-01T00:00:00.000Z', 'end_time': '2019-4-30T00:00:00.000Z', 'max_results': 500, 'expansions': 'author_id,in_reply_to_user_id,geo.place_id', 'tweet.fields': 'id,text,author_id,in_reply_to_user_id,geo,conversation_id,created_at,lang,public_metrics,referenced_tweets,reply_settings,source', 'user.fields': 'id,name,username,created_at,description,public_metrics,verified', 'next_token': {}}
05/04/2022 08:21:30 PM Start with connect_to_endpoint()
05/04/2022 08:21:30 PM Starting new HTTPS connection (1): api.twitter.com:443
05/04/2022 08:21:30 PM https://api.twitter.com:443 "GET /2/tweets/search/all?query=WRCDF+lang%3Ade&start_time=2019-4-01T00%3A00%3A00.000Z&end_time=2019-4-30T00%3A00%3A00.000Z&max_results=500&expansions=author_id%2Cin_reply_to_user_id%2Cgeo.place_id&tweet.fields=id%2Ctext%2Cauthor_id%2Cin_reply_to_user_id%2Cgeo%2Cconversation_id%2Ccreated_at%2Clang%2Cpublic_metrics%2Creferenced_tweets%2Creply_settings%2Csource&user.fields=id%2Cname%2Cusername%2Ccreated_at%2Cdescription%2Cpublic_metrics%2Cverified HTTP/1.1" 200 658
05/04/2022 08:21:30 PM else condition: next_token is in json_response
05/04/2022 08:21:30 PM result_count is not None and result_count > 0
05/04/2022 08:21:30 PM -------------------
05/04/2022 08:21:30 PM Start with : 2019-4-01T00:00:00.000Z
05/04/2022 08:21:30 PM append_to_csv is started wiht file data.csv
05/04/2022 08:21:30 PM append_to_csv is started wiht file user.csv
05/04/2022 08:21:30 PM Number of tweets: 18
05/04/2022 08:21:30 PM -------------------
05/04/2022 08:21:35 PM Set flag to False and next_token to None
05/04/2022 08:21:40 PM For Loop run: 39
05/04/2022 08:21:40 PM Start with WHILE loop.
05/04/2022 08:21:40 PM Start Token: None
05/04/2022 08:21:40 PM Start with create_url()
05/04/2022 08:21:40 PM Search URL: https://api.twitter.com/2/tweets/search/all
05/04/2022 08:21:40 PM Query Params: {'query': 'WRCDF lang:de', 'start_time': '2019-5-01T00:00:00.000Z', 'end_time': '2019-5-31T00:00:00.000Z', 'max_results': 500, 'expansions': 'author_id,in_reply_to_user_id,geo.place_id', 'tweet.fields': 'id,text,author_id,in_reply_to_user_id,geo,conversation_id,created_at,lang,public_metrics,referenced_tweets,reply_settings,source', 'user.fields': 'id,name,username,created_at,description,public_metrics,verified', 'next_token': {}}
05/04/2022 08:21:40 PM Start with connect_to_endpoint()
05/04/2022 08:21:40 PM Starting new HTTPS connection (1): api.twitter.com:443
05/04/2022 08:21:41 PM https://api.twitter.com:443 "GET /2/tweets/search/all?query=WRCDF+lang%3Ade&start_time=2019-5-01T00%3A00%3A00.000Z&end_time=2019-5-31T00%3A00%3A00.000Z&max_results=500&expansions=author_id%2Cin_reply_to_user_id%2Cgeo.place_id&tweet.fields=id%2Ctext%2Cauthor_id%2Cin_reply_to_user_id%2Cgeo%2Cconversation_id%2Ccreated_at%2Clang%2Cpublic_metrics%2Creferenced_tweets%2Creply_settings%2Csource&user.fields=id%2Cname%2Cusername%2Ccreated_at%2Cdescription%2Cpublic_metrics%2Cverified HTTP/1.1" 200 837
05/04/2022 08:21:41 PM else condition: next_token is in json_response
05/04/2022 08:21:41 PM result_count is not None and result_count > 0
05/04/2022 08:21:41 PM -------------------
05/04/2022 08:21:41 PM Start with : 2019-5-01T00:00:00.000Z
05/04/2022 08:21:41 PM append_to_csv is started wiht file data.csv
05/04/2022 08:21:41 PM append_to_csv is started wiht file user.csv
05/04/2022 08:21:41 PM Number of tweets: 21
05/04/2022 08:21:41 PM -------------------
05/04/2022 08:21:46 PM Set flag to False and next_token to None
05/04/2022 08:21:51 PM For Loop run: 40
05/04/2022 08:21:51 PM Start with WHILE loop.
05/04/2022 08:21:51 PM Start Token: None
05/04/2022 08:21:51 PM Start with create_url()
05/04/2022 08:21:51 PM Search URL: https://api.twitter.com/2/tweets/search/all
05/04/2022 08:21:51 PM Query Params: {'query': 'WRCDF lang:de', 'start_time': '2019-6-01T00:00:00.000Z', 'end_time': '2019-6-30T00:00:00.000Z', 'max_results': 500, 'expansions': 'author_id,in_reply_to_user_id,geo.place_id', 'tweet.fields': 'id,text,author_id,in_reply_to_user_id,geo,conversation_id,created_at,lang,public_metrics,referenced_tweets,reply_settings,source', 'user.fields': 'id,name,username,created_at,description,public_metrics,verified', 'next_token': {}}
05/04/2022 08:21:51 PM Start with connect_to_endpoint()
05/04/2022 08:21:51 PM Starting new HTTPS connection (1): api.twitter.com:443
05/04/2022 08:21:51 PM https://api.twitter.com:443 "GET /2/tweets/search/all?query=WRCDF+lang%3Ade&start_time=2019-6-01T00%3A00%3A00.000Z&end_time=2019-6-30T00%3A00%3A00.000Z&max_results=500&expansions=author_id%2Cin_reply_to_user_id%2Cgeo.place_id&tweet.fields=id%2Ctext%2Cauthor_id%2Cin_reply_to_user_id%2Cgeo%2Cconversation_id%2Ccreated_at%2Clang%2Cpublic_metrics%2Creferenced_tweets%2Creply_settings%2Csource&user.fields=id%2Cname%2Cusername%2Ccreated_at%2Cdescription%2Cpublic_metrics%2Cverified HTTP/1.1" 200 626
05/04/2022 08:21:51 PM else condition: next_token is in json_response
05/04/2022 08:21:51 PM result_count is not None and result_count > 0
05/04/2022 08:21:51 PM -------------------
05/04/2022 08:21:51 PM Start with : 2019-6-01T00:00:00.000Z
05/04/2022 08:21:51 PM append_to_csv is started wiht file data.csv
05/04/2022 08:21:51 PM append_to_csv is started wiht file user.csv
05/04/2022 08:21:51 PM Number of tweets: 22
05/04/2022 08:21:51 PM -------------------
05/04/2022 08:21:56 PM Set flag to False and next_token to None
05/04/2022 08:22:01 PM For Loop run: 41
05/04/2022 08:22:01 PM Start with WHILE loop.
05/04/2022 08:22:01 PM Start Token: None
05/04/2022 08:22:01 PM Start with create_url()
05/04/2022 08:22:01 PM Search URL: https://api.twitter.com/2/tweets/search/all
05/04/2022 08:22:01 PM Query Params: {'query': 'WRCDF lang:de', 'start_time': '2019-7-01T00:00:00.000Z', 'end_time': '2019-7-31T00:00:00.000Z', 'max_results': 500, 'expansions': 'author_id,in_reply_to_user_id,geo.place_id', 'tweet.fields': 'id,text,author_id,in_reply_to_user_id,geo,conversation_id,created_at,lang,public_metrics,referenced_tweets,reply_settings,source', 'user.fields': 'id,name,username,created_at,description,public_metrics,verified', 'next_token': {}}
05/04/2022 08:22:01 PM Start with connect_to_endpoint()
05/04/2022 08:22:01 PM Starting new HTTPS connection (1): api.twitter.com:443
05/04/2022 08:22:01 PM https://api.twitter.com:443 "GET /2/tweets/search/all?query=WRCDF+lang%3Ade&start_time=2019-7-01T00%3A00%3A00.000Z&end_time=2019-7-31T00%3A00%3A00.000Z&max_results=500&expansions=author_id%2Cin_reply_to_user_id%2Cgeo.place_id&tweet.fields=id%2Ctext%2Cauthor_id%2Cin_reply_to_user_id%2Cgeo%2Cconversation_id%2Ccreated_at%2Clang%2Cpublic_metrics%2Creferenced_tweets%2Creply_settings%2Csource&user.fields=id%2Cname%2Cusername%2Ccreated_at%2Cdescription%2Cpublic_metrics%2Cverified HTTP/1.1" 200 646
05/04/2022 08:22:01 PM else condition: next_token is in json_response
05/04/2022 08:22:01 PM result_count is not None and result_count > 0
05/04/2022 08:22:01 PM -------------------
05/04/2022 08:22:01 PM Start with : 2019-7-01T00:00:00.000Z
05/04/2022 08:22:01 PM append_to_csv is started wiht file data.csv
05/04/2022 08:22:01 PM append_to_csv is started wiht file user.csv
05/04/2022 08:22:01 PM Number of tweets: 23
05/04/2022 08:22:01 PM -------------------
05/04/2022 08:22:06 PM Set flag to False and next_token to None
05/04/2022 08:22:11 PM For Loop run: 42
05/04/2022 08:22:11 PM Start with WHILE loop.
05/04/2022 08:22:11 PM Start Token: None
05/04/2022 08:22:11 PM Start with create_url()
05/04/2022 08:22:11 PM Search URL: https://api.twitter.com/2/tweets/search/all
05/04/2022 08:22:11 PM Query Params: {'query': 'WRCDF lang:de', 'start_time': '2019-8-01T00:00:00.000Z', 'end_time': '2019-8-31T00:00:00.000Z', 'max_results': 500, 'expansions': 'author_id,in_reply_to_user_id,geo.place_id', 'tweet.fields': 'id,text,author_id,in_reply_to_user_id,geo,conversation_id,created_at,lang,public_metrics,referenced_tweets,reply_settings,source', 'user.fields': 'id,name,username,created_at,description,public_metrics,verified', 'next_token': {}}
05/04/2022 08:22:11 PM Start with connect_to_endpoint()
05/04/2022 08:22:11 PM Starting new HTTPS connection (1): api.twitter.com:443
05/04/2022 08:22:12 PM https://api.twitter.com:443 "GET /2/tweets/search/all?query=WRCDF+lang%3Ade&start_time=2019-8-01T00%3A00%3A00.000Z&end_time=2019-8-31T00%3A00%3A00.000Z&max_results=500&expansions=author_id%2Cin_reply_to_user_id%2Cgeo.place_id&tweet.fields=id%2Ctext%2Cauthor_id%2Cin_reply_to_user_id%2Cgeo%2Cconversation_id%2Ccreated_at%2Clang%2Cpublic_metrics%2Creferenced_tweets%2Creply_settings%2Csource&user.fields=id%2Cname%2Cusername%2Ccreated_at%2Cdescription%2Cpublic_metrics%2Cverified HTTP/1.1" 200 1003
05/04/2022 08:22:12 PM else condition: next_token is in json_response
05/04/2022 08:22:12 PM result_count is not None and result_count > 0
05/04/2022 08:22:12 PM -------------------
05/04/2022 08:22:12 PM Start with : 2019-8-01T00:00:00.000Z
05/04/2022 08:22:12 PM append_to_csv is started wiht file data.csv
05/04/2022 08:22:12 PM append_to_csv is started wiht file user.csv
05/04/2022 08:22:12 PM Number of tweets: 25
05/04/2022 08:22:12 PM -------------------
05/04/2022 08:22:17 PM Set flag to False and next_token to None
05/04/2022 08:22:22 PM For Loop run: 43
05/04/2022 08:22:22 PM Start with WHILE loop.
05/04/2022 08:22:22 PM Start Token: None
05/04/2022 08:22:22 PM Start with create_url()
05/04/2022 08:22:22 PM Search URL: https://api.twitter.com/2/tweets/search/all
05/04/2022 08:22:22 PM Query Params: {'query': 'WRCDF lang:de', 'start_time': '2019-9-01T00:00:00.000Z', 'end_time': '2019-9-30T00:00:00.000Z', 'max_results': 500, 'expansions': 'author_id,in_reply_to_user_id,geo.place_id', 'tweet.fields': 'id,text,author_id,in_reply_to_user_id,geo,conversation_id,created_at,lang,public_metrics,referenced_tweets,reply_settings,source', 'user.fields': 'id,name,username,created_at,description,public_metrics,verified', 'next_token': {}}
05/04/2022 08:22:22 PM Start with connect_to_endpoint()
05/04/2022 08:22:22 PM Starting new HTTPS connection (1): api.twitter.com:443
05/04/2022 08:22:22 PM https://api.twitter.com:443 "GET /2/tweets/search/all?query=WRCDF+lang%3Ade&start_time=2019-9-01T00%3A00%3A00.000Z&end_time=2019-9-30T00%3A00%3A00.000Z&max_results=500&expansions=author_id%2Cin_reply_to_user_id%2Cgeo.place_id&tweet.fields=id%2Ctext%2Cauthor_id%2Cin_reply_to_user_id%2Cgeo%2Cconversation_id%2Ccreated_at%2Clang%2Cpublic_metrics%2Creferenced_tweets%2Creply_settings%2Csource&user.fields=id%2Cname%2Cusername%2Ccreated_at%2Cdescription%2Cpublic_metrics%2Cverified HTTP/1.1" 200 53
05/04/2022 08:22:22 PM else condition: next_token is in json_response
05/04/2022 08:22:22 PM Set flag to False and next_token to None
05/04/2022 08:22:27 PM For Loop run: 44
05/04/2022 08:22:27 PM Start with WHILE loop.
05/04/2022 08:22:27 PM Start Token: None
05/04/2022 08:22:27 PM Start with create_url()
05/04/2022 08:22:27 PM Search URL: https://api.twitter.com/2/tweets/search/all
05/04/2022 08:22:27 PM Query Params: {'query': 'WRCDF lang:de', 'start_time': '2019-10-01T00:00:00.000Z', 'end_time': '2019-10-31T00:00:00.000Z', 'max_results': 500, 'expansions': 'author_id,in_reply_to_user_id,geo.place_id', 'tweet.fields': 'id,text,author_id,in_reply_to_user_id,geo,conversation_id,created_at,lang,public_metrics,referenced_tweets,reply_settings,source', 'user.fields': 'id,name,username,created_at,description,public_metrics,verified', 'next_token': {}}
05/04/2022 08:22:27 PM Start with connect_to_endpoint()
05/04/2022 08:22:27 PM Starting new HTTPS connection (1): api.twitter.com:443
05/04/2022 08:22:27 PM https://api.twitter.com:443 "GET /2/tweets/search/all?query=WRCDF+lang%3Ade&start_time=2019-10-01T00%3A00%3A00.000Z&end_time=2019-10-31T00%3A00%3A00.000Z&max_results=500&expansions=author_id%2Cin_reply_to_user_id%2Cgeo.place_id&tweet.fields=id%2Ctext%2Cauthor_id%2Cin_reply_to_user_id%2Cgeo%2Cconversation_id%2Ccreated_at%2Clang%2Cpublic_metrics%2Creferenced_tweets%2Creply_settings%2Csource&user.fields=id%2Cname%2Cusername%2Ccreated_at%2Cdescription%2Cpublic_metrics%2Cverified HTTP/1.1" 200 53
05/04/2022 08:22:27 PM else condition: next_token is in json_response
05/04/2022 08:22:27 PM Set flag to False and next_token to None
05/04/2022 08:22:32 PM For Loop run: 45
05/04/2022 08:22:32 PM Start with WHILE loop.
05/04/2022 08:22:32 PM Start Token: None
05/04/2022 08:22:32 PM Start with create_url()
05/04/2022 08:22:32 PM Search URL: https://api.twitter.com/2/tweets/search/all
05/04/2022 08:22:32 PM Query Params: {'query': 'WRCDF lang:de', 'start_time': '2019-11-01T00:00:00.000Z', 'end_time': '2019-11-30T00:00:00.000Z', 'max_results': 500, 'expansions': 'author_id,in_reply_to_user_id,geo.place_id', 'tweet.fields': 'id,text,author_id,in_reply_to_user_id,geo,conversation_id,created_at,lang,public_metrics,referenced_tweets,reply_settings,source', 'user.fields': 'id,name,username,created_at,description,public_metrics,verified', 'next_token': {}}
05/04/2022 08:22:32 PM Start with connect_to_endpoint()
05/04/2022 08:22:32 PM Starting new HTTPS connection (1): api.twitter.com:443
05/04/2022 08:22:32 PM https://api.twitter.com:443 "GET /2/tweets/search/all?query=WRCDF+lang%3Ade&start_time=2019-11-01T00%3A00%3A00.000Z&end_time=2019-11-30T00%3A00%3A00.000Z&max_results=500&expansions=author_id%2Cin_reply_to_user_id%2Cgeo.place_id&tweet.fields=id%2Ctext%2Cauthor_id%2Cin_reply_to_user_id%2Cgeo%2Cconversation_id%2Ccreated_at%2Clang%2Cpublic_metrics%2Creferenced_tweets%2Creply_settings%2Csource&user.fields=id%2Cname%2Cusername%2Ccreated_at%2Cdescription%2Cpublic_metrics%2Cverified HTTP/1.1" 200 53
05/04/2022 08:22:32 PM else condition: next_token is in json_response
05/04/2022 08:22:32 PM Set flag to False and next_token to None
05/04/2022 08:22:37 PM For Loop run: 46
05/04/2022 08:22:37 PM Start with WHILE loop.
05/04/2022 08:22:37 PM Start Token: None
05/04/2022 08:22:37 PM Start with create_url()
05/04/2022 08:22:37 PM Search URL: https://api.twitter.com/2/tweets/search/all
05/04/2022 08:22:37 PM Query Params: {'query': 'WRCDF lang:de', 'start_time': '2019-12-01T00:00:00.000Z', 'end_time': '2019-12-31T00:00:00.000Z', 'max_results': 500, 'expansions': 'author_id,in_reply_to_user_id,geo.place_id', 'tweet.fields': 'id,text,author_id,in_reply_to_user_id,geo,conversation_id,created_at,lang,public_metrics,referenced_tweets,reply_settings,source', 'user.fields': 'id,name,username,created_at,description,public_metrics,verified', 'next_token': {}}
05/04/2022 08:22:37 PM Start with connect_to_endpoint()
05/04/2022 08:22:37 PM Starting new HTTPS connection (1): api.twitter.com:443
05/04/2022 08:22:38 PM https://api.twitter.com:443 "GET /2/tweets/search/all?query=WRCDF+lang%3Ade&start_time=2019-12-01T00%3A00%3A00.000Z&end_time=2019-12-31T00%3A00%3A00.000Z&max_results=500&expansions=author_id%2Cin_reply_to_user_id%2Cgeo.place_id&tweet.fields=id%2Ctext%2Cauthor_id%2Cin_reply_to_user_id%2Cgeo%2Cconversation_id%2Ccreated_at%2Clang%2Cpublic_metrics%2Creferenced_tweets%2Creply_settings%2Csource&user.fields=id%2Cname%2Cusername%2Ccreated_at%2Cdescription%2Cpublic_metrics%2Cverified HTTP/1.1" 200 53
05/04/2022 08:22:38 PM else condition: next_token is in json_response
05/04/2022 08:22:38 PM Set flag to False and next_token to None
05/04/2022 08:22:43 PM For Loop run: 47
05/04/2022 08:22:43 PM Start with WHILE loop.
05/04/2022 08:22:43 PM Start Token: None
05/04/2022 08:22:43 PM Start with create_url()
05/04/2022 08:22:43 PM Search URL: https://api.twitter.com/2/tweets/search/all
05/04/2022 08:22:43 PM Query Params: {'query': 'WRCDF lang:de', 'start_time': '2020-1-01T00:00:00.000Z', 'end_time': '2020-1-31T00:00:00.000Z', 'max_results': 500, 'expansions': 'author_id,in_reply_to_user_id,geo.place_id', 'tweet.fields': 'id,text,author_id,in_reply_to_user_id,geo,conversation_id,created_at,lang,public_metrics,referenced_tweets,reply_settings,source', 'user.fields': 'id,name,username,created_at,description,public_metrics,verified', 'next_token': {}}
05/04/2022 08:22:43 PM Start with connect_to_endpoint()
05/04/2022 08:22:43 PM Starting new HTTPS connection (1): api.twitter.com:443
05/04/2022 08:22:43 PM https://api.twitter.com:443 "GET /2/tweets/search/all?query=WRCDF+lang%3Ade&start_time=2020-1-01T00%3A00%3A00.000Z&end_time=2020-1-31T00%3A00%3A00.000Z&max_results=500&expansions=author_id%2Cin_reply_to_user_id%2Cgeo.place_id&tweet.fields=id%2Ctext%2Cauthor_id%2Cin_reply_to_user_id%2Cgeo%2Cconversation_id%2Ccreated_at%2Clang%2Cpublic_metrics%2Creferenced_tweets%2Creply_settings%2Csource&user.fields=id%2Cname%2Cusername%2Ccreated_at%2Cdescription%2Cpublic_metrics%2Cverified HTTP/1.1" 200 53
05/04/2022 08:22:43 PM else condition: next_token is in json_response
05/04/2022 08:22:43 PM Set flag to False and next_token to None
05/04/2022 08:22:48 PM For Loop run: 48
05/04/2022 08:22:48 PM Start with WHILE loop.
05/04/2022 08:22:48 PM Start Token: None
05/04/2022 08:22:48 PM Start with create_url()
05/04/2022 08:22:48 PM Search URL: https://api.twitter.com/2/tweets/search/all
05/04/2022 08:22:48 PM Query Params: {'query': 'WRCDF lang:de', 'start_time': '2020-2-01T00:00:00.000Z', 'end_time': '2020-2-29T00:00:00.000Z', 'max_results': 500, 'expansions': 'author_id,in_reply_to_user_id,geo.place_id', 'tweet.fields': 'id,text,author_id,in_reply_to_user_id,geo,conversation_id,created_at,lang,public_metrics,referenced_tweets,reply_settings,source', 'user.fields': 'id,name,username,created_at,description,public_metrics,verified', 'next_token': {}}
05/04/2022 08:22:48 PM Start with connect_to_endpoint()
05/04/2022 08:22:48 PM Starting new HTTPS connection (1): api.twitter.com:443
05/04/2022 08:22:48 PM https://api.twitter.com:443 "GET /2/tweets/search/all?query=WRCDF+lang%3Ade&start_time=2020-2-01T00%3A00%3A00.000Z&end_time=2020-2-29T00%3A00%3A00.000Z&max_results=500&expansions=author_id%2Cin_reply_to_user_id%2Cgeo.place_id&tweet.fields=id%2Ctext%2Cauthor_id%2Cin_reply_to_user_id%2Cgeo%2Cconversation_id%2Ccreated_at%2Clang%2Cpublic_metrics%2Creferenced_tweets%2Creply_settings%2Csource&user.fields=id%2Cname%2Cusername%2Ccreated_at%2Cdescription%2Cpublic_metrics%2Cverified HTTP/1.1" 200 1539
05/04/2022 08:22:48 PM else condition: next_token is in json_response
05/04/2022 08:22:48 PM result_count is not None and result_count > 0
05/04/2022 08:22:48 PM -------------------
05/04/2022 08:22:48 PM Start with : 2020-2-01T00:00:00.000Z
05/04/2022 08:22:48 PM append_to_csv is started wiht file data.csv
05/04/2022 08:22:48 PM append_to_csv is started wiht file user.csv
05/04/2022 08:22:48 PM Number of tweets: 28
05/04/2022 08:22:48 PM -------------------
05/04/2022 08:22:53 PM Set flag to False and next_token to None
05/04/2022 08:22:58 PM For Loop run: 49
05/04/2022 08:22:58 PM Start with WHILE loop.
05/04/2022 08:22:58 PM Start Token: None
05/04/2022 08:22:58 PM Start with create_url()
05/04/2022 08:22:58 PM Search URL: https://api.twitter.com/2/tweets/search/all
05/04/2022 08:22:58 PM Query Params: {'query': 'WRCDF lang:de', 'start_time': '2020-3-01T00:00:00.000Z', 'end_time': '2020-3-31T00:00:00.000Z', 'max_results': 500, 'expansions': 'author_id,in_reply_to_user_id,geo.place_id', 'tweet.fields': 'id,text,author_id,in_reply_to_user_id,geo,conversation_id,created_at,lang,public_metrics,referenced_tweets,reply_settings,source', 'user.fields': 'id,name,username,created_at,description,public_metrics,verified', 'next_token': {}}
05/04/2022 08:22:58 PM Start with connect_to_endpoint()
05/04/2022 08:22:58 PM Starting new HTTPS connection (1): api.twitter.com:443
05/04/2022 08:22:59 PM https://api.twitter.com:443 "GET /2/tweets/search/all?query=WRCDF+lang%3Ade&start_time=2020-3-01T00%3A00%3A00.000Z&end_time=2020-3-31T00%3A00%3A00.000Z&max_results=500&expansions=author_id%2Cin_reply_to_user_id%2Cgeo.place_id&tweet.fields=id%2Ctext%2Cauthor_id%2Cin_reply_to_user_id%2Cgeo%2Cconversation_id%2Ccreated_at%2Clang%2Cpublic_metrics%2Creferenced_tweets%2Creply_settings%2Csource&user.fields=id%2Cname%2Cusername%2Ccreated_at%2Cdescription%2Cpublic_metrics%2Cverified HTTP/1.1" 200 53
05/04/2022 08:22:59 PM else condition: next_token is in json_response
05/04/2022 08:22:59 PM Set flag to False and next_token to None
05/04/2022 08:23:04 PM For Loop run: 50
05/04/2022 08:23:04 PM Start with WHILE loop.
05/04/2022 08:23:04 PM Start Token: None
05/04/2022 08:23:04 PM Start with create_url()
05/04/2022 08:23:04 PM Search URL: https://api.twitter.com/2/tweets/search/all
05/04/2022 08:23:04 PM Query Params: {'query': 'WRCDF lang:de', 'start_time': '2020-4-01T00:00:00.000Z', 'end_time': '2020-4-30T00:00:00.000Z', 'max_results': 500, 'expansions': 'author_id,in_reply_to_user_id,geo.place_id', 'tweet.fields': 'id,text,author_id,in_reply_to_user_id,geo,conversation_id,created_at,lang,public_metrics,referenced_tweets,reply_settings,source', 'user.fields': 'id,name,username,created_at,description,public_metrics,verified', 'next_token': {}}
05/04/2022 08:23:04 PM Start with connect_to_endpoint()
05/04/2022 08:23:04 PM Starting new HTTPS connection (1): api.twitter.com:443
05/04/2022 08:23:04 PM https://api.twitter.com:443 "GET /2/tweets/search/all?query=WRCDF+lang%3Ade&start_time=2020-4-01T00%3A00%3A00.000Z&end_time=2020-4-30T00%3A00%3A00.000Z&max_results=500&expansions=author_id%2Cin_reply_to_user_id%2Cgeo.place_id&tweet.fields=id%2Ctext%2Cauthor_id%2Cin_reply_to_user_id%2Cgeo%2Cconversation_id%2Ccreated_at%2Clang%2Cpublic_metrics%2Creferenced_tweets%2Creply_settings%2Csource&user.fields=id%2Cname%2Cusername%2Ccreated_at%2Cdescription%2Cpublic_metrics%2Cverified HTTP/1.1" 200 53
05/04/2022 08:23:04 PM else condition: next_token is in json_response
05/04/2022 08:23:04 PM Set flag to False and next_token to None
05/04/2022 08:23:09 PM For Loop run: 51
05/04/2022 08:23:09 PM Start with WHILE loop.
05/04/2022 08:23:09 PM Start Token: None
05/04/2022 08:23:09 PM Start with create_url()
05/04/2022 08:23:09 PM Search URL: https://api.twitter.com/2/tweets/search/all
05/04/2022 08:23:09 PM Query Params: {'query': 'WRCDF lang:de', 'start_time': '2020-5-01T00:00:00.000Z', 'end_time': '2020-5-31T00:00:00.000Z', 'max_results': 500, 'expansions': 'author_id,in_reply_to_user_id,geo.place_id', 'tweet.fields': 'id,text,author_id,in_reply_to_user_id,geo,conversation_id,created_at,lang,public_metrics,referenced_tweets,reply_settings,source', 'user.fields': 'id,name,username,created_at,description,public_metrics,verified', 'next_token': {}}
05/04/2022 08:23:09 PM Start with connect_to_endpoint()
05/04/2022 08:23:09 PM Starting new HTTPS connection (1): api.twitter.com:443
05/04/2022 08:23:09 PM https://api.twitter.com:443 "GET /2/tweets/search/all?query=WRCDF+lang%3Ade&start_time=2020-5-01T00%3A00%3A00.000Z&end_time=2020-5-31T00%3A00%3A00.000Z&max_results=500&expansions=author_id%2Cin_reply_to_user_id%2Cgeo.place_id&tweet.fields=id%2Ctext%2Cauthor_id%2Cin_reply_to_user_id%2Cgeo%2Cconversation_id%2Ccreated_at%2Clang%2Cpublic_metrics%2Creferenced_tweets%2Creply_settings%2Csource&user.fields=id%2Cname%2Cusername%2Ccreated_at%2Cdescription%2Cpublic_metrics%2Cverified HTTP/1.1" 200 939
05/04/2022 08:23:09 PM else condition: next_token is in json_response
05/04/2022 08:23:09 PM result_count is not None and result_count > 0
05/04/2022 08:23:09 PM -------------------
05/04/2022 08:23:09 PM Start with : 2020-5-01T00:00:00.000Z
05/04/2022 08:23:09 PM append_to_csv is started wiht file data.csv
05/04/2022 08:23:09 PM append_to_csv is started wiht file user.csv
05/04/2022 08:23:09 PM Number of tweets: 30
05/04/2022 08:23:09 PM -------------------
05/04/2022 08:23:14 PM Set flag to False and next_token to None
05/04/2022 08:23:19 PM For Loop run: 52
05/04/2022 08:23:19 PM Start with WHILE loop.
05/04/2022 08:23:19 PM Start Token: None
05/04/2022 08:23:19 PM Start with create_url()
05/04/2022 08:23:19 PM Search URL: https://api.twitter.com/2/tweets/search/all
05/04/2022 08:23:19 PM Query Params: {'query': 'WRCDF lang:de', 'start_time': '2020-6-01T00:00:00.000Z', 'end_time': '2020-6-30T00:00:00.000Z', 'max_results': 500, 'expansions': 'author_id,in_reply_to_user_id,geo.place_id', 'tweet.fields': 'id,text,author_id,in_reply_to_user_id,geo,conversation_id,created_at,lang,public_metrics,referenced_tweets,reply_settings,source', 'user.fields': 'id,name,username,created_at,description,public_metrics,verified', 'next_token': {}}
05/04/2022 08:23:19 PM Start with connect_to_endpoint()
05/04/2022 08:23:19 PM Starting new HTTPS connection (1): api.twitter.com:443
05/04/2022 08:23:19 PM https://api.twitter.com:443 "GET /2/tweets/search/all?query=WRCDF+lang%3Ade&start_time=2020-6-01T00%3A00%3A00.000Z&end_time=2020-6-30T00%3A00%3A00.000Z&max_results=500&expansions=author_id%2Cin_reply_to_user_id%2Cgeo.place_id&tweet.fields=id%2Ctext%2Cauthor_id%2Cin_reply_to_user_id%2Cgeo%2Cconversation_id%2Ccreated_at%2Clang%2Cpublic_metrics%2Creferenced_tweets%2Creply_settings%2Csource&user.fields=id%2Cname%2Cusername%2Ccreated_at%2Cdescription%2Cpublic_metrics%2Cverified HTTP/1.1" 200 1408
05/04/2022 08:23:19 PM else condition: next_token is in json_response
05/04/2022 08:23:19 PM result_count is not None and result_count > 0
05/04/2022 08:23:19 PM -------------------
05/04/2022 08:23:19 PM Start with : 2020-6-01T00:00:00.000Z
05/04/2022 08:23:19 PM append_to_csv is started wiht file data.csv
05/04/2022 08:23:19 PM append_to_csv is started wiht file user.csv
05/04/2022 08:23:19 PM Number of tweets: 33
05/04/2022 08:23:19 PM -------------------
05/04/2022 08:23:24 PM Set flag to False and next_token to None
05/04/2022 08:23:29 PM For Loop run: 53
05/04/2022 08:23:29 PM Start with WHILE loop.
05/04/2022 08:23:29 PM Start Token: None
05/04/2022 08:23:29 PM Start with create_url()
05/04/2022 08:23:29 PM Search URL: https://api.twitter.com/2/tweets/search/all
05/04/2022 08:23:29 PM Query Params: {'query': 'WRCDF lang:de', 'start_time': '2020-7-01T00:00:00.000Z', 'end_time': '2020-7-31T00:00:00.000Z', 'max_results': 500, 'expansions': 'author_id,in_reply_to_user_id,geo.place_id', 'tweet.fields': 'id,text,author_id,in_reply_to_user_id,geo,conversation_id,created_at,lang,public_metrics,referenced_tweets,reply_settings,source', 'user.fields': 'id,name,username,created_at,description,public_metrics,verified', 'next_token': {}}
05/04/2022 08:23:29 PM Start with connect_to_endpoint()
05/04/2022 08:23:29 PM Starting new HTTPS connection (1): api.twitter.com:443
05/04/2022 08:23:30 PM https://api.twitter.com:443 "GET /2/tweets/search/all?query=WRCDF+lang%3Ade&start_time=2020-7-01T00%3A00%3A00.000Z&end_time=2020-7-31T00%3A00%3A00.000Z&max_results=500&expansions=author_id%2Cin_reply_to_user_id%2Cgeo.place_id&tweet.fields=id%2Ctext%2Cauthor_id%2Cin_reply_to_user_id%2Cgeo%2Cconversation_id%2Ccreated_at%2Clang%2Cpublic_metrics%2Creferenced_tweets%2Creply_settings%2Csource&user.fields=id%2Cname%2Cusername%2Ccreated_at%2Cdescription%2Cpublic_metrics%2Cverified HTTP/1.1" 200 53
05/04/2022 08:23:30 PM else condition: next_token is in json_response
05/04/2022 08:23:30 PM Set flag to False and next_token to None
